[87.1 minutes]	Chunk 22: (pM50~GTSP2160~1) 205632 reads pass barcode filter.
[87.1 minutes]	Chunk 22: (pM50~GTSP2160~1) 12414 reads pass linker code filter.
[87.1 minutes]	Chunk 22: (pM50~GTSP2160~1) 12243 reads pass all demultiplexing filters.
[87.3 minutes]	Chunk 22: (pM50~GTSP2160~1) 97 reads aligned to the vector and will be removed.
[87.3 minutes]	Chunk 22: (pM50~GTSP2160~1) 12200 reads remain after removing vector aligned reads and synchronizing.
[87.3 minutes]	Chunk 22: (pM50~GTSP2160~1) 772 reads removed by virus read start test filter (10 NTs).
[87.3 minutes]	Chunk 22: (pM50~GTSP2160~1) 772 reads removed after all filters.
[87.6 minutes]	Chunk 22: (pM50~GTSP2160~1) 2 reads remaining after LTR/ITR capture.
[87.7 minutes]	Chunk 22: (pM50~GTSP2160~1) captured random linker ids.
[87.7 minutes]	Chunk 22: (6539) reads remaining after read length filters.
[87.7 minutes]	Chunk 22: (pM50~GTSP2160~1) completed with 6539 reads.
[88.1 minutes]	Chunk 22: (pM50~GTSP2161~1) 205632 reads pass barcode filter.
[88.1 minutes]	Chunk 22: (pM50~GTSP2161~1) 8902 reads pass linker code filter.
[88.1 minutes]	Chunk 22: (pM50~GTSP2161~1) 8788 reads pass all demultiplexing filters.
[88.2 minutes]	Chunk 22: (pM50~GTSP2161~1) 82 reads aligned to the vector and will be removed.
[88.2 minutes]	Chunk 22: (pM50~GTSP2161~1) 8746 reads remain after removing vector aligned reads and synchronizing.
[88.2 minutes]	Chunk 22: (pM50~GTSP2161~1) 563 reads removed by virus read start test filter (10 NTs).
[88.2 minutes]	Chunk 22: (pM50~GTSP2161~1) 563 reads removed after all filters.
[88.5 minutes]	Chunk 22: (pM50~GTSP2161~1) 2 reads remaining after LTR/ITR capture.
[88.5 minutes]	Chunk 22: (pM50~GTSP2161~1) captured random linker ids.
[88.5 minutes]	Chunk 22: (4451) reads remaining after read length filters.
[88.5 minutes]	Chunk 22: (pM50~GTSP2161~1) completed with 4451 reads.
[89.0 minutes]	Chunk 22: (pM50~GTSP2162~1) 205632 reads pass barcode filter.
[89.0 minutes]	Chunk 22: (pM50~GTSP2162~1) 9185 reads pass linker code filter.
[89.0 minutes]	Chunk 22: (pM50~GTSP2162~1) 9066 reads pass all demultiplexing filters.
[89.2 minutes]	Chunk 22: (pM50~GTSP2162~1) 164 reads aligned to the vector and will be removed.
[89.2 minutes]	Chunk 22: (pM50~GTSP2162~1) 9002 reads remain after removing vector aligned reads and synchronizing.
[89.2 minutes]	Chunk 22: (pM50~GTSP2162~1) 560 reads removed by virus read start test filter (10 NTs).
[89.2 minutes]	Chunk 22: (pM50~GTSP2162~1) 560 reads removed after all filters.
[89.5 minutes]	Chunk 22: (pM50~GTSP2162~1) 2 reads remaining after LTR/ITR capture.
[89.5 minutes]	Chunk 22: (pM50~GTSP2162~1) captured random linker ids.
[89.5 minutes]	Chunk 22: (5575) reads remaining after read length filters.
[89.5 minutes]	Chunk 22: (pM50~GTSP2162~1) completed with 5575 reads.
[89.9 minutes]	Chunk 22: (pM66~GTSP2163~1) 205632 reads pass barcode filter.
[90.0 minutes]	Chunk 22: (pM66~GTSP2163~1) 6320 reads pass linker code filter.
[90.0 minutes]	Chunk 22: (pM66~GTSP2163~1) 6234 reads pass all demultiplexing filters.
[90.0 minutes]	Chunk 22: (pM66~GTSP2163~1) 67 reads aligned to the vector and will be removed.
[90.0 minutes]	Chunk 22: (pM66~GTSP2163~1) 6203 reads remain after removing vector aligned reads and synchronizing.
[90.0 minutes]	Chunk 22: (pM66~GTSP2163~1) 316 reads removed by virus read start test filter (10 NTs).
[90.0 minutes]	Chunk 22: (pM66~GTSP2163~1) 316 reads removed after all filters.
[90.3 minutes]	Chunk 22: (pM66~GTSP2163~1) 2 reads remaining after LTR/ITR capture.
[90.3 minutes]	Chunk 22: (pM66~GTSP2163~1) captured random linker ids.
[90.3 minutes]	Chunk 22: (3122) reads remaining after read length filters.
[90.3 minutes]	Chunk 22: (pM66~GTSP2163~1) completed with 3122 reads.
[90.7 minutes]	Chunk 22: (pM66~GTSP2164~1) 205632 reads pass barcode filter.
[90.8 minutes]	Chunk 22: (pM66~GTSP2164~1) 12240 reads pass linker code filter.
[90.8 minutes]	Chunk 22: (pM66~GTSP2164~1) 12083 reads pass all demultiplexing filters.
[90.9 minutes]	Chunk 22: (pM66~GTSP2164~1) 71 reads aligned to the vector and will be removed.
[90.9 minutes]	Chunk 22: (pM66~GTSP2164~1) 12056 reads remain after removing vector aligned reads and synchronizing.
[90.9 minutes]	Chunk 22: (pM66~GTSP2164~1) 316 reads removed by virus read start test filter (10 NTs).
[90.9 minutes]	Chunk 22: (pM66~GTSP2164~1) 316 reads removed after all filters.
[91.2 minutes]	Chunk 22: (pM66~GTSP2164~1) 2 reads remaining after LTR/ITR capture.
[91.3 minutes]	Chunk 22: (pM66~GTSP2164~1) captured random linker ids.
[91.3 minutes]	Chunk 22: (4643) reads remaining after read length filters.
[91.3 minutes]	Chunk 22: (pM66~GTSP2164~1) completed with 4643 reads.
[91.8 minutes]	Chunk 22: (pM66~GTSP2165~1) 205632 reads pass barcode filter.
[91.8 minutes]	Chunk 22: (pM66~GTSP2165~1) 4678 reads pass linker code filter.
[91.8 minutes]	Chunk 22: (pM66~GTSP2165~1) 4599 reads pass all demultiplexing filters.
[91.9 minutes]	Chunk 22: (pM66~GTSP2165~1) 63 reads aligned to the vector and will be removed.
[91.9 minutes]	Chunk 22: (pM66~GTSP2165~1) 4572 reads remain after removing vector aligned reads and synchronizing.
[91.9 minutes]	Chunk 22: (pM66~GTSP2165~1) 253 reads removed by virus read start test filter (10 NTs).
[91.9 minutes]	Chunk 22: (pM66~GTSP2165~1) 253 reads removed after all filters.
[92.1 minutes]	Chunk 22: (pM66~GTSP2165~1) 2 reads remaining after LTR/ITR capture.
[92.1 minutes]	Chunk 22: (pM66~GTSP2165~1) captured random linker ids.
[92.1 minutes]	Chunk 22: (2676) reads remaining after read length filters.
[92.1 minutes]	Chunk 22: (pM66~GTSP2165~1) completed with 2676 reads.
[92.5 minutes]	Chunk 22: (pLinus~GTSP2166~1) 205632 reads pass barcode filter.
[92.5 minutes]	Chunk 22: (pLinus~GTSP2166~1) 14011 reads pass linker code filter.
[92.6 minutes]	Chunk 22: (pLinus~GTSP2166~1) 13831 reads pass all demultiplexing filters.
[92.7 minutes]	Chunk 22: (pLinus~GTSP2166~1) 9 reads aligned to the vector and will be removed.
[92.7 minutes]	Chunk 22: (pLinus~GTSP2166~1) 13826 reads remain after removing vector aligned reads and synchronizing.
[92.7 minutes]	Chunk 22: (pLinus~GTSP2166~1) 633 reads removed by virus read start test filter (10 NTs).
[92.7 minutes]	Chunk 22: (pLinus~GTSP2166~1) 633 reads removed after all filters.
[93.0 minutes]	Chunk 22: (pLinus~GTSP2166~1) 2 reads remaining after LTR/ITR capture.
[93.0 minutes]	Chunk 22: (pLinus~GTSP2166~1) captured random linker ids.
[93.0 minutes]	Chunk 22: (7443) reads remaining after read length filters.
[93.0 minutes]	Chunk 22: (pLinus~GTSP2166~1) completed with 7443 reads.
[93.5 minutes]	Chunk 22: (pLinus~GTSP2167~1) 205632 reads pass barcode filter.
[93.5 minutes]	Chunk 22: (pLinus~GTSP2167~1) 11918 reads pass linker code filter.
[93.5 minutes]	Chunk 22: (pLinus~GTSP2167~1) 11776 reads pass all demultiplexing filters.
[93.6 minutes]	Chunk 22: (pLinus~GTSP2167~1) 3 reads aligned to the vector and will be removed.
[93.6 minutes]	Chunk 22: (pLinus~GTSP2167~1) 11775 reads remain after removing vector aligned reads and synchronizing.
[93.6 minutes]	Chunk 22: (pLinus~GTSP2167~1) 723 reads removed by virus read start test filter (10 NTs).
[93.6 minutes]	Chunk 22: (pLinus~GTSP2167~1) 723 reads removed after all filters.
[93.9 minutes]	Chunk 22: (pLinus~GTSP2167~1) 2 reads remaining after LTR/ITR capture.
[94.0 minutes]	Chunk 22: (pLinus~GTSP2167~1) captured random linker ids.
[94.0 minutes]	Chunk 22: (8105) reads remaining after read length filters.
[94.0 minutes]	Chunk 22: (pLinus~GTSP2167~1) completed with 8105 reads.
[94.4 minutes]	Chunk 22: (pLinus~GTSP2168~1) 205632 reads pass barcode filter.
[94.5 minutes]	Chunk 22: (pLinus~GTSP2168~1) 10310 reads pass linker code filter.
[94.5 minutes]	Chunk 22: (pLinus~GTSP2168~1) 10172 reads pass all demultiplexing filters.
[94.5 minutes]	Chunk 22: (pLinus~GTSP2168~1) 0 reads aligned to the vector and will be removed.
[94.5 minutes]	Chunk 22: (pLinus~GTSP2168~1) 10172 reads remain after removing vector aligned reads and synchronizing.
[94.5 minutes]	Chunk 22: (pLinus~GTSP2168~1) 507 reads removed by virus read start test filter (10 NTs).
[94.5 minutes]	Chunk 22: (pLinus~GTSP2168~1) 507 reads removed after all filters.
[94.9 minutes]	Chunk 22: (pLinus~GTSP2168~1) 2 reads remaining after LTR/ITR capture.
[94.9 minutes]	Chunk 22: (pLinus~GTSP2168~1) captured random linker ids.
[94.9 minutes]	Chunk 22: (5582) reads remaining after read length filters.
[94.9 minutes]	Chunk 22: (pLinus~GTSP2168~1) completed with 5582 reads.
[95.3 minutes]	Chunk 22: (NTC~NTC1~1) 205632 reads pass barcode filter.
[95.3 minutes]	Chunk 22: (NTC~NTC1~1) 0 reads pass linker code filter.
[95.3 minutes]	Chunk 22: (NTC~NTC1~1) No reads demultiplexed.
[95.8 minutes]	Chunk 22: (pH19~GTSP2169~1) 205632 reads pass barcode filter.
[95.8 minutes]	Chunk 22: (pH19~GTSP2169~1) 5553 reads pass linker code filter.
[95.8 minutes]	Chunk 22: (pH19~GTSP2169~1) 5457 reads pass all demultiplexing filters.
[95.9 minutes]	Chunk 22: (pH19~GTSP2169~1) 22 reads aligned to the vector and will be removed.
[95.9 minutes]	Chunk 22: (pH19~GTSP2169~1) 5448 reads remain after removing vector aligned reads and synchronizing.
[95.9 minutes]	Chunk 22: (pH19~GTSP2169~1) 328 reads removed by virus read start test filter (10 NTs).
[95.9 minutes]	Chunk 22: (pH19~GTSP2169~1) 328 reads removed after all filters.
[96.0 minutes]	Chunk 22: (pH19~GTSP2169~1) 2 reads remaining after LTR/ITR capture.
[96.0 minutes]	Chunk 22: (pH19~GTSP2169~1) captured random linker ids.
[96.0 minutes]	Chunk 22: (2845) reads remaining after read length filters.
[96.0 minutes]	Chunk 22: (pH19~GTSP2169~1) completed with 2845 reads.
[96.5 minutes]	Chunk 22: (pH19~GTSP2170~1) 205632 reads pass barcode filter.
[96.5 minutes]	Chunk 22: (pH19~GTSP2170~1) 6101 reads pass linker code filter.
[96.5 minutes]	Chunk 22: (pH19~GTSP2170~1) 6027 reads pass all demultiplexing filters.
[96.6 minutes]	Chunk 22: (pH19~GTSP2170~1) 51 reads aligned to the vector and will be removed.
[96.6 minutes]	Chunk 22: (pH19~GTSP2170~1) 6002 reads remain after removing vector aligned reads and synchronizing.
[96.6 minutes]	Chunk 22: (pH19~GTSP2170~1) 282 reads removed by virus read start test filter (10 NTs).
[96.6 minutes]	Chunk 22: (pH19~GTSP2170~1) 282 reads removed after all filters.
[96.8 minutes]	Chunk 22: (pH19~GTSP2170~1) 2 reads remaining after LTR/ITR capture.
[96.8 minutes]	Chunk 22: (pH19~GTSP2170~1) captured random linker ids.
[96.8 minutes]	Chunk 22: (3562) reads remaining after read length filters.
[96.8 minutes]	Chunk 22: (pH19~GTSP2170~1) completed with 3562 reads.
[97.2 minutes]	Chunk 22: (pH19~GTSP2171~1) 205632 reads pass barcode filter.
[97.2 minutes]	Chunk 22: (pH19~GTSP2171~1) 25 reads pass linker code filter.
[97.2 minutes]	Chunk 22: (pH19~GTSP2171~1) 25 reads pass all demultiplexing filters.
[97.3 minutes]	Chunk 22: (pH19~GTSP2171~1) 0 reads aligned to the vector and will be removed.
[97.3 minutes]	Chunk 22: (pH19~GTSP2171~1) 25 reads remain after removing vector aligned reads and synchronizing.
[97.3 minutes]	Chunk 22: (pH19~GTSP2171~1) 1 reads removed by virus read start test filter (10 NTs).
[97.3 minutes]	Chunk 22: (pH19~GTSP2171~1) 1 reads removed after all filters.
[97.3 minutes]	Chunk 22: (pH19~GTSP2171~1) 2 reads remaining after LTR/ITR capture.
[97.3 minutes]	Chunk 22: (pH19~GTSP2171~1) captured random linker ids.
[97.3 minutes]	Chunk 22: (14) reads remaining after read length filters.
[97.3 minutes]	Chunk 22: (pH19~GTSP2171~1) completed with 14 reads.
[97.8 minutes]	Chunk 22: (pJ60~GTSP2172~1) 205632 reads pass barcode filter.
[97.8 minutes]	Chunk 22: (pJ60~GTSP2172~1) 14874 reads pass linker code filter.
[97.8 minutes]	Chunk 22: (pJ60~GTSP2172~1) 14619 reads pass all demultiplexing filters.
[98.0 minutes]	Chunk 22: (pJ60~GTSP2172~1) 94 reads aligned to the vector and will be removed.
[98.0 minutes]	Chunk 22: (pJ60~GTSP2172~1) 14587 reads remain after removing vector aligned reads and synchronizing.
[98.0 minutes]	Chunk 22: (pJ60~GTSP2172~1) 767 reads removed by virus read start test filter (10 NTs).
[98.0 minutes]	Chunk 22: (pJ60~GTSP2172~1) 767 reads removed after all filters.
[98.7 minutes]	Chunk 22: (pJ60~GTSP2172~1) 2 reads remaining after LTR/ITR capture.
[98.7 minutes]	Chunk 22: (pJ60~GTSP2172~1) captured random linker ids.
[98.7 minutes]	Chunk 22: (8283) reads remaining after read length filters.
[98.7 minutes]	Chunk 22: (pJ60~GTSP2172~1) completed with 8283 reads.
[99.1 minutes]	Chunk 22: (pJ60~GTSP2173~1) 205632 reads pass barcode filter.
[99.2 minutes]	Chunk 22: (pJ60~GTSP2173~1) 14788 reads pass linker code filter.
[99.2 minutes]	Chunk 22: (pJ60~GTSP2173~1) 14602 reads pass all demultiplexing filters.
[99.3 minutes]	Chunk 22: (pJ60~GTSP2173~1) 170 reads aligned to the vector and will be removed.
[99.3 minutes]	Chunk 22: (pJ60~GTSP2173~1) 14545 reads remain after removing vector aligned reads and synchronizing.
[99.3 minutes]	Chunk 22: (pJ60~GTSP2173~1) 762 reads removed by virus read start test filter (10 NTs).
[99.3 minutes]	Chunk 22: (pJ60~GTSP2173~1) 762 reads removed after all filters.
[99.9 minutes]	Chunk 22: (pJ60~GTSP2173~1) 2 reads remaining after LTR/ITR capture.
[99.9 minutes]	Chunk 22: (pJ60~GTSP2173~1) captured random linker ids.
[99.9 minutes]	Chunk 22: (8636) reads remaining after read length filters.
[99.9 minutes]	Chunk 22: (pJ60~GTSP2173~1) completed with 8636 reads.
[100.3 minutes]	Chunk 22: (pJ60~GTSP2174~1) 205632 reads pass barcode filter.
[100.4 minutes]	Chunk 22: (pJ60~GTSP2174~1) 12805 reads pass linker code filter.
[100.4 minutes]	Chunk 22: (pJ60~GTSP2174~1) 12610 reads pass all demultiplexing filters.
[100.5 minutes]	Chunk 22: (pJ60~GTSP2174~1) 34 reads aligned to the vector and will be removed.
[100.5 minutes]	Chunk 22: (pJ60~GTSP2174~1) 12598 reads remain after removing vector aligned reads and synchronizing.
[100.5 minutes]	Chunk 22: (pJ60~GTSP2174~1) 615 reads removed by virus read start test filter (10 NTs).
[100.5 minutes]	Chunk 22: (pJ60~GTSP2174~1) 615 reads removed after all filters.
[100.9 minutes]	Chunk 22: (pJ60~GTSP2174~1) 2 reads remaining after LTR/ITR capture.
[100.9 minutes]	Chunk 22: (pJ60~GTSP2174~1) captured random linker ids.
[100.9 minutes]	Chunk 22: (6356) reads remaining after read length filters.
[101.0 minutes]	Chunk 22: (pJ60~GTSP2174~1) completed with 6356 reads.
[101.4 minutes]	Chunk 22: (pM06~GTSP2175~1) 205632 reads pass barcode filter.
[101.5 minutes]	Chunk 22: (pM06~GTSP2175~1) 11667 reads pass linker code filter.
[101.5 minutes]	Chunk 22: (pM06~GTSP2175~1) 11448 reads pass all demultiplexing filters.
[101.6 minutes]	Chunk 22: (pM06~GTSP2175~1) 191 reads aligned to the vector and will be removed.
[101.6 minutes]	Chunk 22: (pM06~GTSP2175~1) 11373 reads remain after removing vector aligned reads and synchronizing.
[101.6 minutes]	Chunk 22: (pM06~GTSP2175~1) 687 reads removed by virus read start test filter (10 NTs).
[101.6 minutes]	Chunk 22: (pM06~GTSP2175~1) 687 reads removed after all filters.
[102.1 minutes]	Chunk 22: (pM06~GTSP2175~1) 2 reads remaining after LTR/ITR capture.
[102.1 minutes]	Chunk 22: (pM06~GTSP2175~1) captured random linker ids.
[102.1 minutes]	Chunk 22: (4485) reads remaining after read length filters.
[102.1 minutes]	Chunk 22: (pM06~GTSP2175~1) completed with 4485 reads.
[102.6 minutes]	Chunk 22: (pM06~GTSP2176~1) 205632 reads pass barcode filter.
[102.6 minutes]	Chunk 22: (pM06~GTSP2176~1) 16396 reads pass linker code filter.
[102.6 minutes]	Chunk 22: (pM06~GTSP2176~1) 16112 reads pass all demultiplexing filters.
[102.7 minutes]	Chunk 22: (pM06~GTSP2176~1) 305 reads aligned to the vector and will be removed.
[102.8 minutes]	Chunk 22: (pM06~GTSP2176~1) 15993 reads remain after removing vector aligned reads and synchronizing.
[102.8 minutes]	Chunk 22: (pM06~GTSP2176~1) 732 reads removed by virus read start test filter (10 NTs).
[102.8 minutes]	Chunk 22: (pM06~GTSP2176~1) 732 reads removed after all filters.
[103.3 minutes]	Chunk 22: (pM06~GTSP2176~1) 2 reads remaining after LTR/ITR capture.
[103.3 minutes]	Chunk 22: (pM06~GTSP2176~1) captured random linker ids.
[103.3 minutes]	Chunk 22: (6598) reads remaining after read length filters.
[103.3 minutes]	Chunk 22: (pM06~GTSP2176~1) completed with 6598 reads.
[103.8 minutes]	Chunk 22: (pM06~GTSP2177~1) 205632 reads pass barcode filter.
[103.8 minutes]	Chunk 22: (pM06~GTSP2177~1) 12478 reads pass linker code filter.
[103.8 minutes]	Chunk 22: (pM06~GTSP2177~1) 12299 reads pass all demultiplexing filters.
[104.0 minutes]	Chunk 22: (pM06~GTSP2177~1) 224 reads aligned to the vector and will be removed.
[104.0 minutes]	Chunk 22: (pM06~GTSP2177~1) 12205 reads remain after removing vector aligned reads and synchronizing.
[104.0 minutes]	Chunk 22: (pM06~GTSP2177~1) 497 reads removed by virus read start test filter (10 NTs).
[104.0 minutes]	Chunk 22: (pM06~GTSP2177~1) 497 reads removed after all filters.
[104.5 minutes]	Chunk 22: (pM06~GTSP2177~1) 2 reads remaining after LTR/ITR capture.
[104.5 minutes]	Chunk 22: (pM06~GTSP2177~1) captured random linker ids.
[104.5 minutes]	Chunk 22: (5238) reads remaining after read length filters.
[104.5 minutes]	Chunk 22: (pM06~GTSP2177~1) completed with 5238 reads.
[105.0 minutes]	Chunk 22: (pHO2~GTSP2178~1) 205632 reads pass barcode filter.
[105.0 minutes]	Chunk 22: (pHO2~GTSP2178~1) 10742 reads pass linker code filter.
[105.0 minutes]	Chunk 22: (pHO2~GTSP2178~1) 10550 reads pass all demultiplexing filters.
[105.1 minutes]	Chunk 22: (pHO2~GTSP2178~1) 9 reads aligned to the vector and will be removed.
[105.1 minutes]	Chunk 22: (pHO2~GTSP2178~1) 10547 reads remain after removing vector aligned reads and synchronizing.
[105.1 minutes]	Chunk 22: (pHO2~GTSP2178~1) 209 reads removed by virus read start test filter (10 NTs).
[105.1 minutes]	Chunk 22: (pHO2~GTSP2178~1) 209 reads removed after all filters.
[105.3 minutes]	Chunk 22: (pHO2~GTSP2178~1) 2 reads remaining after LTR/ITR capture.
[105.4 minutes]	Chunk 22: (pHO2~GTSP2178~1) captured random linker ids.
[105.4 minutes]	Chunk 22: (3127) reads remaining after read length filters.
[105.4 minutes]	Chunk 22: (pHO2~GTSP2178~1) completed with 3127 reads.
[105.8 minutes]	Chunk 22: (pM12~GTSP2179~1) 205632 reads pass barcode filter.
[105.8 minutes]	Chunk 22: (pM12~GTSP2179~1) 8284 reads pass linker code filter.
[105.8 minutes]	Chunk 22: (pM12~GTSP2179~1) 8160 reads pass all demultiplexing filters.
[105.9 minutes]	Chunk 22: (pM12~GTSP2179~1) 6 reads aligned to the vector and will be removed.
[105.9 minutes]	Chunk 22: (pM12~GTSP2179~1) 8158 reads remain after removing vector aligned reads and synchronizing.
[105.9 minutes]	Chunk 22: (pM12~GTSP2179~1) 223 reads removed by virus read start test filter (10 NTs).
[105.9 minutes]	Chunk 22: (pM12~GTSP2179~1) 223 reads removed after all filters.
[106.0 minutes]	Chunk 22: (pM12~GTSP2179~1) 2 reads remaining after LTR/ITR capture.
[106.0 minutes]	Chunk 22: (pM12~GTSP2179~1) captured random linker ids.
[106.1 minutes]	Chunk 22: (2505) reads remaining after read length filters.
[106.1 minutes]	Chunk 22: (pM12~GTSP2179~1) completed with 2505 reads.
[106.4 minutes]	Chunk 22: (NTC~NTC2~1) 205632 reads pass barcode filter.
[106.4 minutes]	Chunk 22: (NTC~NTC2~1) 0 reads pass linker code filter.
[106.4 minutes]	Chunk 22: (NTC~NTC2~1) No reads demultiplexed.
