[87.0 minutes]	Chunk 28: (pM50~GTSP2160~1) 208925 reads pass barcode filter.
[87.0 minutes]	Chunk 28: (pM50~GTSP2160~1) 13044 reads pass linker code filter.
[87.0 minutes]	Chunk 28: (pM50~GTSP2160~1) 12850 reads pass all demultiplexing filters.
[87.2 minutes]	Chunk 28: (pM50~GTSP2160~1) 97 reads aligned to the vector and will be removed.
[87.2 minutes]	Chunk 28: (pM50~GTSP2160~1) 12811 reads remain after removing vector aligned reads and synchronizing.
[87.2 minutes]	Chunk 28: (pM50~GTSP2160~1) 794 reads removed by virus read start test filter (10 NTs).
[87.2 minutes]	Chunk 28: (pM50~GTSP2160~1) 794 reads removed after all filters.
[87.6 minutes]	Chunk 28: (pM50~GTSP2160~1) 2 reads remaining after LTR/ITR capture.
[87.6 minutes]	Chunk 28: (pM50~GTSP2160~1) captured random linker ids.
[87.6 minutes]	Chunk 28: (6947) reads remaining after read length filters.
[87.6 minutes]	Chunk 28: (pM50~GTSP2160~1) completed with 6947 reads.
[88.0 minutes]	Chunk 28: (pM50~GTSP2161~1) 208925 reads pass barcode filter.
[88.1 minutes]	Chunk 28: (pM50~GTSP2161~1) 9585 reads pass linker code filter.
[88.1 minutes]	Chunk 28: (pM50~GTSP2161~1) 9438 reads pass all demultiplexing filters.
[88.2 minutes]	Chunk 28: (pM50~GTSP2161~1) 107 reads aligned to the vector and will be removed.
[88.2 minutes]	Chunk 28: (pM50~GTSP2161~1) 9393 reads remain after removing vector aligned reads and synchronizing.
[88.2 minutes]	Chunk 28: (pM50~GTSP2161~1) 645 reads removed by virus read start test filter (10 NTs).
[88.2 minutes]	Chunk 28: (pM50~GTSP2161~1) 645 reads removed after all filters.
[88.5 minutes]	Chunk 28: (pM50~GTSP2161~1) 2 reads remaining after LTR/ITR capture.
[88.5 minutes]	Chunk 28: (pM50~GTSP2161~1) captured random linker ids.
[88.5 minutes]	Chunk 28: (4841) reads remaining after read length filters.
[88.5 minutes]	Chunk 28: (pM50~GTSP2161~1) completed with 4841 reads.
[89.0 minutes]	Chunk 28: (pM50~GTSP2162~1) 208925 reads pass barcode filter.
[89.0 minutes]	Chunk 28: (pM50~GTSP2162~1) 9951 reads pass linker code filter.
[89.0 minutes]	Chunk 28: (pM50~GTSP2162~1) 9801 reads pass all demultiplexing filters.
[89.2 minutes]	Chunk 28: (pM50~GTSP2162~1) 173 reads aligned to the vector and will be removed.
[89.2 minutes]	Chunk 28: (pM50~GTSP2162~1) 9738 reads remain after removing vector aligned reads and synchronizing.
[89.2 minutes]	Chunk 28: (pM50~GTSP2162~1) 587 reads removed by virus read start test filter (10 NTs).
[89.2 minutes]	Chunk 28: (pM50~GTSP2162~1) 587 reads removed after all filters.
[89.5 minutes]	Chunk 28: (pM50~GTSP2162~1) 2 reads remaining after LTR/ITR capture.
[89.5 minutes]	Chunk 28: (pM50~GTSP2162~1) captured random linker ids.
[89.5 minutes]	Chunk 28: (6096) reads remaining after read length filters.
[89.5 minutes]	Chunk 28: (pM50~GTSP2162~1) completed with 6096 reads.
[90.0 minutes]	Chunk 28: (pM66~GTSP2163~1) 208925 reads pass barcode filter.
[90.0 minutes]	Chunk 28: (pM66~GTSP2163~1) 6420 reads pass linker code filter.
[90.0 minutes]	Chunk 28: (pM66~GTSP2163~1) 6318 reads pass all demultiplexing filters.
[90.1 minutes]	Chunk 28: (pM66~GTSP2163~1) 54 reads aligned to the vector and will be removed.
[90.1 minutes]	Chunk 28: (pM66~GTSP2163~1) 6286 reads remain after removing vector aligned reads and synchronizing.
[90.1 minutes]	Chunk 28: (pM66~GTSP2163~1) 314 reads removed by virus read start test filter (10 NTs).
[90.1 minutes]	Chunk 28: (pM66~GTSP2163~1) 314 reads removed after all filters.
[90.3 minutes]	Chunk 28: (pM66~GTSP2163~1) 2 reads remaining after LTR/ITR capture.
[90.3 minutes]	Chunk 28: (pM66~GTSP2163~1) captured random linker ids.
[90.5 minutes]	Chunk 28: (3350) reads remaining after read length filters.
[90.5 minutes]	Chunk 28: (pM66~GTSP2163~1) completed with 3350 reads.
[90.9 minutes]	Chunk 28: (pM66~GTSP2164~1) 208925 reads pass barcode filter.
[91.0 minutes]	Chunk 28: (pM66~GTSP2164~1) 10902 reads pass linker code filter.
[91.0 minutes]	Chunk 28: (pM66~GTSP2164~1) 10735 reads pass all demultiplexing filters.
[91.1 minutes]	Chunk 28: (pM66~GTSP2164~1) 57 reads aligned to the vector and will be removed.
[91.1 minutes]	Chunk 28: (pM66~GTSP2164~1) 10714 reads remain after removing vector aligned reads and synchronizing.
[91.1 minutes]	Chunk 28: (pM66~GTSP2164~1) 322 reads removed by virus read start test filter (10 NTs).
[91.1 minutes]	Chunk 28: (pM66~GTSP2164~1) 322 reads removed after all filters.
[91.4 minutes]	Chunk 28: (pM66~GTSP2164~1) 2 reads remaining after LTR/ITR capture.
[91.4 minutes]	Chunk 28: (pM66~GTSP2164~1) captured random linker ids.
[91.4 minutes]	Chunk 28: (4226) reads remaining after read length filters.
[91.4 minutes]	Chunk 28: (pM66~GTSP2164~1) completed with 4226 reads.
[91.8 minutes]	Chunk 28: (pM66~GTSP2165~1) 208925 reads pass barcode filter.
[91.9 minutes]	Chunk 28: (pM66~GTSP2165~1) 1458 reads pass linker code filter.
[91.9 minutes]	Chunk 28: (pM66~GTSP2165~1) 1438 reads pass all demultiplexing filters.
[91.9 minutes]	Chunk 28: (pM66~GTSP2165~1) 21 reads aligned to the vector and will be removed.
[91.9 minutes]	Chunk 28: (pM66~GTSP2165~1) 1429 reads remain after removing vector aligned reads and synchronizing.
[91.9 minutes]	Chunk 28: (pM66~GTSP2165~1) 88 reads removed by virus read start test filter (10 NTs).
[91.9 minutes]	Chunk 28: (pM66~GTSP2165~1) 88 reads removed after all filters.
[92.0 minutes]	Chunk 28: (pM66~GTSP2165~1) 2 reads remaining after LTR/ITR capture.
[92.0 minutes]	Chunk 28: (pM66~GTSP2165~1) captured random linker ids.
[92.0 minutes]	Chunk 28: (1013) reads remaining after read length filters.
[92.0 minutes]	Chunk 28: (pM66~GTSP2165~1) completed with 1013 reads.
[92.5 minutes]	Chunk 28: (pLinus~GTSP2166~1) 208925 reads pass barcode filter.
[92.5 minutes]	Chunk 28: (pLinus~GTSP2166~1) 15494 reads pass linker code filter.
[92.5 minutes]	Chunk 28: (pLinus~GTSP2166~1) 15313 reads pass all demultiplexing filters.
[92.6 minutes]	Chunk 28: (pLinus~GTSP2166~1) 8 reads aligned to the vector and will be removed.
[92.7 minutes]	Chunk 28: (pLinus~GTSP2166~1) 15309 reads remain after removing vector aligned reads and synchronizing.
[92.7 minutes]	Chunk 28: (pLinus~GTSP2166~1) 909 reads removed by virus read start test filter (10 NTs).
[92.7 minutes]	Chunk 28: (pLinus~GTSP2166~1) 909 reads removed after all filters.
[93.1 minutes]	Chunk 28: (pLinus~GTSP2166~1) 2 reads remaining after LTR/ITR capture.
[93.1 minutes]	Chunk 28: (pLinus~GTSP2166~1) captured random linker ids.
[93.1 minutes]	Chunk 28: (8184) reads remaining after read length filters.
[93.1 minutes]	Chunk 28: (pLinus~GTSP2166~1) completed with 8184 reads.
[93.6 minutes]	Chunk 28: (pLinus~GTSP2167~1) 208925 reads pass barcode filter.
[93.6 minutes]	Chunk 28: (pLinus~GTSP2167~1) 12737 reads pass linker code filter.
[93.6 minutes]	Chunk 28: (pLinus~GTSP2167~1) 12575 reads pass all demultiplexing filters.
[93.7 minutes]	Chunk 28: (pLinus~GTSP2167~1) 0 reads aligned to the vector and will be removed.
[93.7 minutes]	Chunk 28: (pLinus~GTSP2167~1) 12575 reads remain after removing vector aligned reads and synchronizing.
[93.7 minutes]	Chunk 28: (pLinus~GTSP2167~1) 747 reads removed by virus read start test filter (10 NTs).
[93.7 minutes]	Chunk 28: (pLinus~GTSP2167~1) 747 reads removed after all filters.
[94.1 minutes]	Chunk 28: (pLinus~GTSP2167~1) 2 reads remaining after LTR/ITR capture.
[94.1 minutes]	Chunk 28: (pLinus~GTSP2167~1) captured random linker ids.
[94.1 minutes]	Chunk 28: (8666) reads remaining after read length filters.
[94.1 minutes]	Chunk 28: (pLinus~GTSP2167~1) completed with 8666 reads.
[94.6 minutes]	Chunk 28: (pLinus~GTSP2168~1) 208925 reads pass barcode filter.
[94.7 minutes]	Chunk 28: (pLinus~GTSP2168~1) 11066 reads pass linker code filter.
[94.7 minutes]	Chunk 28: (pLinus~GTSP2168~1) 10904 reads pass all demultiplexing filters.
[94.7 minutes]	Chunk 28: (pLinus~GTSP2168~1) 3 reads aligned to the vector and will be removed.
[94.7 minutes]	Chunk 28: (pLinus~GTSP2168~1) 10903 reads remain after removing vector aligned reads and synchronizing.
[94.7 minutes]	Chunk 28: (pLinus~GTSP2168~1) 554 reads removed by virus read start test filter (10 NTs).
[94.7 minutes]	Chunk 28: (pLinus~GTSP2168~1) 554 reads removed after all filters.
[95.1 minutes]	Chunk 28: (pLinus~GTSP2168~1) 2 reads remaining after LTR/ITR capture.
[95.1 minutes]	Chunk 28: (pLinus~GTSP2168~1) captured random linker ids.
[95.1 minutes]	Chunk 28: (5800) reads remaining after read length filters.
[95.1 minutes]	Chunk 28: (pLinus~GTSP2168~1) completed with 5800 reads.
[95.5 minutes]	Chunk 28: (NTC~NTC1~1) 208925 reads pass barcode filter.
[95.6 minutes]	Chunk 28: (NTC~NTC1~1) 0 reads pass linker code filter.
[95.6 minutes]	Chunk 28: (NTC~NTC1~1) No reads demultiplexed.
[96.0 minutes]	Chunk 28: (pH19~GTSP2169~1) 208925 reads pass barcode filter.
[96.0 minutes]	Chunk 28: (pH19~GTSP2169~1) 5700 reads pass linker code filter.
[96.1 minutes]	Chunk 28: (pH19~GTSP2169~1) 5609 reads pass all demultiplexing filters.
[96.1 minutes]	Chunk 28: (pH19~GTSP2169~1) 17 reads aligned to the vector and will be removed.
[96.1 minutes]	Chunk 28: (pH19~GTSP2169~1) 5602 reads remain after removing vector aligned reads and synchronizing.
[96.1 minutes]	Chunk 28: (pH19~GTSP2169~1) 385 reads removed by virus read start test filter (10 NTs).
[96.1 minutes]	Chunk 28: (pH19~GTSP2169~1) 385 reads removed after all filters.
[96.3 minutes]	Chunk 28: (pH19~GTSP2169~1) 2 reads remaining after LTR/ITR capture.
[96.3 minutes]	Chunk 28: (pH19~GTSP2169~1) captured random linker ids.
[96.3 minutes]	Chunk 28: (2994) reads remaining after read length filters.
[96.3 minutes]	Chunk 28: (pH19~GTSP2169~1) completed with 2994 reads.
[96.8 minutes]	Chunk 28: (pH19~GTSP2170~1) 208925 reads pass barcode filter.
[96.8 minutes]	Chunk 28: (pH19~GTSP2170~1) 6409 reads pass linker code filter.
[96.8 minutes]	Chunk 28: (pH19~GTSP2170~1) 6320 reads pass all demultiplexing filters.
[96.9 minutes]	Chunk 28: (pH19~GTSP2170~1) 43 reads aligned to the vector and will be removed.
[96.9 minutes]	Chunk 28: (pH19~GTSP2170~1) 6301 reads remain after removing vector aligned reads and synchronizing.
[96.9 minutes]	Chunk 28: (pH19~GTSP2170~1) 275 reads removed by virus read start test filter (10 NTs).
[96.9 minutes]	Chunk 28: (pH19~GTSP2170~1) 275 reads removed after all filters.
[97.1 minutes]	Chunk 28: (pH19~GTSP2170~1) 2 reads remaining after LTR/ITR capture.
[97.1 minutes]	Chunk 28: (pH19~GTSP2170~1) captured random linker ids.
[97.1 minutes]	Chunk 28: (3870) reads remaining after read length filters.
[97.1 minutes]	Chunk 28: (pH19~GTSP2170~1) completed with 3870 reads.
[97.5 minutes]	Chunk 28: (pH19~GTSP2171~1) 208925 reads pass barcode filter.
[97.6 minutes]	Chunk 28: (pH19~GTSP2171~1) 24 reads pass linker code filter.
[97.6 minutes]	Chunk 28: (pH19~GTSP2171~1) 24 reads pass all demultiplexing filters.
[97.6 minutes]	Chunk 28: (pH19~GTSP2171~1) 0 reads aligned to the vector and will be removed.
[97.6 minutes]	Chunk 28: (pH19~GTSP2171~1) 24 reads remain after removing vector aligned reads and synchronizing.
[97.6 minutes]	Chunk 28: (pH19~GTSP2171~1) 1 reads removed by virus read start test filter (10 NTs).
[97.6 minutes]	Chunk 28: (pH19~GTSP2171~1) 1 reads removed after all filters.
[97.6 minutes]	Chunk 28: (pH19~GTSP2171~1) 2 reads remaining after LTR/ITR capture.
[97.6 minutes]	Chunk 28: (pH19~GTSP2171~1) captured random linker ids.
[97.6 minutes]	Chunk 28: (11) reads remaining after read length filters.
[97.6 minutes]	Chunk 28: (pH19~GTSP2171~1) completed with 11 reads.
[98.1 minutes]	Chunk 28: (pJ60~GTSP2172~1) 208925 reads pass barcode filter.
[98.1 minutes]	Chunk 28: (pJ60~GTSP2172~1) 15729 reads pass linker code filter.
[98.1 minutes]	Chunk 28: (pJ60~GTSP2172~1) 15487 reads pass all demultiplexing filters.
[98.3 minutes]	Chunk 28: (pJ60~GTSP2172~1) 104 reads aligned to the vector and will be removed.
[98.3 minutes]	Chunk 28: (pJ60~GTSP2172~1) 15452 reads remain after removing vector aligned reads and synchronizing.
[98.3 minutes]	Chunk 28: (pJ60~GTSP2172~1) 831 reads removed by virus read start test filter (10 NTs).
[98.3 minutes]	Chunk 28: (pJ60~GTSP2172~1) 831 reads removed after all filters.
[99.0 minutes]	Chunk 28: (pJ60~GTSP2172~1) 2 reads remaining after LTR/ITR capture.
[99.0 minutes]	Chunk 28: (pJ60~GTSP2172~1) captured random linker ids.
[99.0 minutes]	Chunk 28: (8871) reads remaining after read length filters.
[99.0 minutes]	Chunk 28: (pJ60~GTSP2172~1) completed with 8871 reads.
[99.5 minutes]	Chunk 28: (pJ60~GTSP2173~1) 208925 reads pass barcode filter.
[99.5 minutes]	Chunk 28: (pJ60~GTSP2173~1) 15595 reads pass linker code filter.
[99.6 minutes]	Chunk 28: (pJ60~GTSP2173~1) 15366 reads pass all demultiplexing filters.
[99.7 minutes]	Chunk 28: (pJ60~GTSP2173~1) 170 reads aligned to the vector and will be removed.
[99.7 minutes]	Chunk 28: (pJ60~GTSP2173~1) 15308 reads remain after removing vector aligned reads and synchronizing.
[99.7 minutes]	Chunk 28: (pJ60~GTSP2173~1) 714 reads removed by virus read start test filter (10 NTs).
[99.7 minutes]	Chunk 28: (pJ60~GTSP2173~1) 714 reads removed after all filters.
[100.3 minutes]	Chunk 28: (pJ60~GTSP2173~1) 2 reads remaining after LTR/ITR capture.
[100.3 minutes]	Chunk 28: (pJ60~GTSP2173~1) captured random linker ids.
[100.4 minutes]	Chunk 28: (9265) reads remaining after read length filters.
[100.4 minutes]	Chunk 28: (pJ60~GTSP2173~1) completed with 9265 reads.
[100.8 minutes]	Chunk 28: (pJ60~GTSP2174~1) 208925 reads pass barcode filter.
[100.8 minutes]	Chunk 28: (pJ60~GTSP2174~1) 13723 reads pass linker code filter.
[100.8 minutes]	Chunk 28: (pJ60~GTSP2174~1) 13523 reads pass all demultiplexing filters.
[101.0 minutes]	Chunk 28: (pJ60~GTSP2174~1) 67 reads aligned to the vector and will be removed.
[101.0 minutes]	Chunk 28: (pJ60~GTSP2174~1) 13499 reads remain after removing vector aligned reads and synchronizing.
[101.0 minutes]	Chunk 28: (pJ60~GTSP2174~1) 649 reads removed by virus read start test filter (10 NTs).
[101.0 minutes]	Chunk 28: (pJ60~GTSP2174~1) 649 reads removed after all filters.
[101.4 minutes]	Chunk 28: (pJ60~GTSP2174~1) 2 reads remaining after LTR/ITR capture.
[101.4 minutes]	Chunk 28: (pJ60~GTSP2174~1) captured random linker ids.
[101.4 minutes]	Chunk 28: (6794) reads remaining after read length filters.
[101.4 minutes]	Chunk 28: (pJ60~GTSP2174~1) completed with 6794 reads.
[101.9 minutes]	Chunk 28: (pM06~GTSP2175~1) 208925 reads pass barcode filter.
[101.9 minutes]	Chunk 28: (pM06~GTSP2175~1) 12222 reads pass linker code filter.
[101.9 minutes]	Chunk 28: (pM06~GTSP2175~1) 11972 reads pass all demultiplexing filters.
[102.0 minutes]	Chunk 28: (pM06~GTSP2175~1) 168 reads aligned to the vector and will be removed.
[102.0 minutes]	Chunk 28: (pM06~GTSP2175~1) 11902 reads remain after removing vector aligned reads and synchronizing.
[102.0 minutes]	Chunk 28: (pM06~GTSP2175~1) 734 reads removed by virus read start test filter (10 NTs).
[102.0 minutes]	Chunk 28: (pM06~GTSP2175~1) 734 reads removed after all filters.
[102.5 minutes]	Chunk 28: (pM06~GTSP2175~1) 2 reads remaining after LTR/ITR capture.
[102.6 minutes]	Chunk 28: (pM06~GTSP2175~1) captured random linker ids.
[102.6 minutes]	Chunk 28: (4927) reads remaining after read length filters.
[102.6 minutes]	Chunk 28: (pM06~GTSP2175~1) completed with 4927 reads.
[103.0 minutes]	Chunk 28: (pM06~GTSP2176~1) 208925 reads pass barcode filter.
[103.1 minutes]	Chunk 28: (pM06~GTSP2176~1) 17128 reads pass linker code filter.
[103.1 minutes]	Chunk 28: (pM06~GTSP2176~1) 16821 reads pass all demultiplexing filters.
[103.2 minutes]	Chunk 28: (pM06~GTSP2176~1) 280 reads aligned to the vector and will be removed.
[103.2 minutes]	Chunk 28: (pM06~GTSP2176~1) 16711 reads remain after removing vector aligned reads and synchronizing.
[103.2 minutes]	Chunk 28: (pM06~GTSP2176~1) 801 reads removed by virus read start test filter (10 NTs).
[103.2 minutes]	Chunk 28: (pM06~GTSP2176~1) 801 reads removed after all filters.
[103.8 minutes]	Chunk 28: (pM06~GTSP2176~1) 2 reads remaining after LTR/ITR capture.
[103.8 minutes]	Chunk 28: (pM06~GTSP2176~1) captured random linker ids.
[103.8 minutes]	Chunk 28: (7090) reads remaining after read length filters.
[103.8 minutes]	Chunk 28: (pM06~GTSP2176~1) completed with 7090 reads.
[104.3 minutes]	Chunk 28: (pM06~GTSP2177~1) 208925 reads pass barcode filter.
[104.3 minutes]	Chunk 28: (pM06~GTSP2177~1) 13022 reads pass linker code filter.
[104.3 minutes]	Chunk 28: (pM06~GTSP2177~1) 12807 reads pass all demultiplexing filters.
[104.5 minutes]	Chunk 28: (pM06~GTSP2177~1) 205 reads aligned to the vector and will be removed.
[104.5 minutes]	Chunk 28: (pM06~GTSP2177~1) 12719 reads remain after removing vector aligned reads and synchronizing.
[104.5 minutes]	Chunk 28: (pM06~GTSP2177~1) 543 reads removed by virus read start test filter (10 NTs).
[104.5 minutes]	Chunk 28: (pM06~GTSP2177~1) 543 reads removed after all filters.
[105.0 minutes]	Chunk 28: (pM06~GTSP2177~1) 2 reads remaining after LTR/ITR capture.
[105.0 minutes]	Chunk 28: (pM06~GTSP2177~1) captured random linker ids.
[105.0 minutes]	Chunk 28: (5704) reads remaining after read length filters.
[105.0 minutes]	Chunk 28: (pM06~GTSP2177~1) completed with 5704 reads.
[105.5 minutes]	Chunk 28: (pHO2~GTSP2178~1) 208925 reads pass barcode filter.
[105.5 minutes]	Chunk 28: (pHO2~GTSP2178~1) 9725 reads pass linker code filter.
[105.5 minutes]	Chunk 28: (pHO2~GTSP2178~1) 9575 reads pass all demultiplexing filters.
[105.6 minutes]	Chunk 28: (pHO2~GTSP2178~1) 0 reads aligned to the vector and will be removed.
[105.6 minutes]	Chunk 28: (pHO2~GTSP2178~1) 9575 reads remain after removing vector aligned reads and synchronizing.
[105.6 minutes]	Chunk 28: (pHO2~GTSP2178~1) 200 reads removed by virus read start test filter (10 NTs).
[105.6 minutes]	Chunk 28: (pHO2~GTSP2178~1) 200 reads removed after all filters.
[105.8 minutes]	Chunk 28: (pHO2~GTSP2178~1) 2 reads remaining after LTR/ITR capture.
[105.8 minutes]	Chunk 28: (pHO2~GTSP2178~1) captured random linker ids.
[105.8 minutes]	Chunk 28: (2923) reads remaining after read length filters.
[105.8 minutes]	Chunk 28: (pHO2~GTSP2178~1) completed with 2923 reads.
[106.2 minutes]	Chunk 28: (pM12~GTSP2179~1) 208925 reads pass barcode filter.
[106.2 minutes]	Chunk 28: (pM12~GTSP2179~1) 7060 reads pass linker code filter.
[106.2 minutes]	Chunk 28: (pM12~GTSP2179~1) 6957 reads pass all demultiplexing filters.
[106.3 minutes]	Chunk 28: (pM12~GTSP2179~1) 21 reads aligned to the vector and will be removed.
[106.3 minutes]	Chunk 28: (pM12~GTSP2179~1) 6950 reads remain after removing vector aligned reads and synchronizing.
[106.3 minutes]	Chunk 28: (pM12~GTSP2179~1) 175 reads removed by virus read start test filter (10 NTs).
[106.3 minutes]	Chunk 28: (pM12~GTSP2179~1) 175 reads removed after all filters.
[106.4 minutes]	Chunk 28: (pM12~GTSP2179~1) 2 reads remaining after LTR/ITR capture.
[106.4 minutes]	Chunk 28: (pM12~GTSP2179~1) captured random linker ids.
[106.4 minutes]	Chunk 28: (2268) reads remaining after read length filters.
[106.4 minutes]	Chunk 28: (pM12~GTSP2179~1) completed with 2268 reads.
[106.7 minutes]	Chunk 28: (NTC~NTC2~1) 208925 reads pass barcode filter.
[106.8 minutes]	Chunk 28: (NTC~NTC2~1) 0 reads pass linker code filter.
[106.8 minutes]	Chunk 28: (NTC~NTC2~1) No reads demultiplexed.
