[86.7 minutes]	Chunk 30: (pM50~GTSP2160~1) 205940 reads pass barcode filter.
[86.7 minutes]	Chunk 30: (pM50~GTSP2160~1) 13491 reads pass linker code filter.
[86.7 minutes]	Chunk 30: (pM50~GTSP2160~1) 13271 reads pass all demultiplexing filters.
[86.8 minutes]	Chunk 30: (pM50~GTSP2160~1) 106 reads aligned to the vector and will be removed.
[86.8 minutes]	Chunk 30: (pM50~GTSP2160~1) 13225 reads remain after removing vector aligned reads and synchronizing.
[86.8 minutes]	Chunk 30: (pM50~GTSP2160~1) 789 reads removed by virus read start test filter (10 NTs).
[86.8 minutes]	Chunk 30: (pM50~GTSP2160~1) 789 reads removed after all filters.
[87.2 minutes]	Chunk 30: (pM50~GTSP2160~1) 2 reads remaining after LTR/ITR capture.
[87.2 minutes]	Chunk 30: (pM50~GTSP2160~1) captured random linker ids.
[87.2 minutes]	Chunk 30: (7405) reads remaining after read length filters.
[87.2 minutes]	Chunk 30: (pM50~GTSP2160~1) completed with 7405 reads.
[87.7 minutes]	Chunk 30: (pM50~GTSP2161~1) 205940 reads pass barcode filter.
[87.7 minutes]	Chunk 30: (pM50~GTSP2161~1) 9688 reads pass linker code filter.
[87.7 minutes]	Chunk 30: (pM50~GTSP2161~1) 9534 reads pass all demultiplexing filters.
[87.8 minutes]	Chunk 30: (pM50~GTSP2161~1) 81 reads aligned to the vector and will be removed.
[87.8 minutes]	Chunk 30: (pM50~GTSP2161~1) 9499 reads remain after removing vector aligned reads and synchronizing.
[87.8 minutes]	Chunk 30: (pM50~GTSP2161~1) 630 reads removed by virus read start test filter (10 NTs).
[87.8 minutes]	Chunk 30: (pM50~GTSP2161~1) 630 reads removed after all filters.
[88.1 minutes]	Chunk 30: (pM50~GTSP2161~1) 2 reads remaining after LTR/ITR capture.
[88.1 minutes]	Chunk 30: (pM50~GTSP2161~1) captured random linker ids.
[88.2 minutes]	Chunk 30: (4958) reads remaining after read length filters.
[88.2 minutes]	Chunk 30: (pM50~GTSP2161~1) completed with 4958 reads.
[88.6 minutes]	Chunk 30: (pM50~GTSP2162~1) 205940 reads pass barcode filter.
[88.6 minutes]	Chunk 30: (pM50~GTSP2162~1) 10154 reads pass linker code filter.
[88.6 minutes]	Chunk 30: (pM50~GTSP2162~1) 10032 reads pass all demultiplexing filters.
[88.7 minutes]	Chunk 30: (pM50~GTSP2162~1) 186 reads aligned to the vector and will be removed.
[88.8 minutes]	Chunk 30: (pM50~GTSP2162~1) 9964 reads remain after removing vector aligned reads and synchronizing.
[88.8 minutes]	Chunk 30: (pM50~GTSP2162~1) 653 reads removed by virus read start test filter (10 NTs).
[88.8 minutes]	Chunk 30: (pM50~GTSP2162~1) 653 reads removed after all filters.
[89.1 minutes]	Chunk 30: (pM50~GTSP2162~1) 2 reads remaining after LTR/ITR capture.
[89.1 minutes]	Chunk 30: (pM50~GTSP2162~1) captured random linker ids.
[89.1 minutes]	Chunk 30: (6309) reads remaining after read length filters.
[89.1 minutes]	Chunk 30: (pM50~GTSP2162~1) completed with 6309 reads.
[89.6 minutes]	Chunk 30: (pM66~GTSP2163~1) 205940 reads pass barcode filter.
[89.6 minutes]	Chunk 30: (pM66~GTSP2163~1) 6431 reads pass linker code filter.
[89.6 minutes]	Chunk 30: (pM66~GTSP2163~1) 6337 reads pass all demultiplexing filters.
[89.7 minutes]	Chunk 30: (pM66~GTSP2163~1) 48 reads aligned to the vector and will be removed.
[89.7 minutes]	Chunk 30: (pM66~GTSP2163~1) 6311 reads remain after removing vector aligned reads and synchronizing.
[89.7 minutes]	Chunk 30: (pM66~GTSP2163~1) 296 reads removed by virus read start test filter (10 NTs).
[89.7 minutes]	Chunk 30: (pM66~GTSP2163~1) 296 reads removed after all filters.
[89.9 minutes]	Chunk 30: (pM66~GTSP2163~1) 2 reads remaining after LTR/ITR capture.
[89.9 minutes]	Chunk 30: (pM66~GTSP2163~1) captured random linker ids.
[89.9 minutes]	Chunk 30: (3465) reads remaining after read length filters.
[89.9 minutes]	Chunk 30: (pM66~GTSP2163~1) completed with 3465 reads.
[90.4 minutes]	Chunk 30: (pM66~GTSP2164~1) 205940 reads pass barcode filter.
[90.4 minutes]	Chunk 30: (pM66~GTSP2164~1) 10792 reads pass linker code filter.
[90.5 minutes]	Chunk 30: (pM66~GTSP2164~1) 10640 reads pass all demultiplexing filters.
[90.5 minutes]	Chunk 30: (pM66~GTSP2164~1) 66 reads aligned to the vector and will be removed.
[90.6 minutes]	Chunk 30: (pM66~GTSP2164~1) 10616 reads remain after removing vector aligned reads and synchronizing.
[90.6 minutes]	Chunk 30: (pM66~GTSP2164~1) 298 reads removed by virus read start test filter (10 NTs).
[90.6 minutes]	Chunk 30: (pM66~GTSP2164~1) 298 reads removed after all filters.
[90.9 minutes]	Chunk 30: (pM66~GTSP2164~1) 2 reads remaining after LTR/ITR capture.
[90.9 minutes]	Chunk 30: (pM66~GTSP2164~1) captured random linker ids.
[90.9 minutes]	Chunk 30: (4357) reads remaining after read length filters.
[90.9 minutes]	Chunk 30: (pM66~GTSP2164~1) completed with 4357 reads.
[91.3 minutes]	Chunk 30: (pM66~GTSP2165~1) 205940 reads pass barcode filter.
[91.4 minutes]	Chunk 30: (pM66~GTSP2165~1) 1278 reads pass linker code filter.
[91.4 minutes]	Chunk 30: (pM66~GTSP2165~1) 1260 reads pass all demultiplexing filters.
[91.4 minutes]	Chunk 30: (pM66~GTSP2165~1) 23 reads aligned to the vector and will be removed.
[91.4 minutes]	Chunk 30: (pM66~GTSP2165~1) 1249 reads remain after removing vector aligned reads and synchronizing.
[91.4 minutes]	Chunk 30: (pM66~GTSP2165~1) 75 reads removed by virus read start test filter (10 NTs).
[91.4 minutes]	Chunk 30: (pM66~GTSP2165~1) 75 reads removed after all filters.
[91.5 minutes]	Chunk 30: (pM66~GTSP2165~1) 2 reads remaining after LTR/ITR capture.
[91.5 minutes]	Chunk 30: (pM66~GTSP2165~1) captured random linker ids.
[91.5 minutes]	Chunk 30: (939) reads remaining after read length filters.
[91.5 minutes]	Chunk 30: (pM66~GTSP2165~1) completed with 939 reads.
[92.0 minutes]	Chunk 30: (pLinus~GTSP2166~1) 205940 reads pass barcode filter.
[92.0 minutes]	Chunk 30: (pLinus~GTSP2166~1) 14699 reads pass linker code filter.
[92.0 minutes]	Chunk 30: (pLinus~GTSP2166~1) 14531 reads pass all demultiplexing filters.
[92.1 minutes]	Chunk 30: (pLinus~GTSP2166~1) 7 reads aligned to the vector and will be removed.
[92.2 minutes]	Chunk 30: (pLinus~GTSP2166~1) 14528 reads remain after removing vector aligned reads and synchronizing.
[92.2 minutes]	Chunk 30: (pLinus~GTSP2166~1) 663 reads removed by virus read start test filter (10 NTs).
[92.2 minutes]	Chunk 30: (pLinus~GTSP2166~1) 663 reads removed after all filters.
[92.6 minutes]	Chunk 30: (pLinus~GTSP2166~1) 2 reads remaining after LTR/ITR capture.
[92.6 minutes]	Chunk 30: (pLinus~GTSP2166~1) captured random linker ids.
[92.6 minutes]	Chunk 30: (8095) reads remaining after read length filters.
[92.6 minutes]	Chunk 30: (pLinus~GTSP2166~1) completed with 8095 reads.
[93.0 minutes]	Chunk 30: (pLinus~GTSP2167~1) 205940 reads pass barcode filter.
[93.1 minutes]	Chunk 30: (pLinus~GTSP2167~1) 12941 reads pass linker code filter.
[93.1 minutes]	Chunk 30: (pLinus~GTSP2167~1) 12793 reads pass all demultiplexing filters.
[93.2 minutes]	Chunk 30: (pLinus~GTSP2167~1) 0 reads aligned to the vector and will be removed.
[93.2 minutes]	Chunk 30: (pLinus~GTSP2167~1) 12793 reads remain after removing vector aligned reads and synchronizing.
[93.2 minutes]	Chunk 30: (pLinus~GTSP2167~1) 798 reads removed by virus read start test filter (10 NTs).
[93.2 minutes]	Chunk 30: (pLinus~GTSP2167~1) 798 reads removed after all filters.
[93.6 minutes]	Chunk 30: (pLinus~GTSP2167~1) 2 reads remaining after LTR/ITR capture.
[93.6 minutes]	Chunk 30: (pLinus~GTSP2167~1) captured random linker ids.
[93.6 minutes]	Chunk 30: (8986) reads remaining after read length filters.
[93.6 minutes]	Chunk 30: (pLinus~GTSP2167~1) completed with 8986 reads.
[94.0 minutes]	Chunk 30: (pLinus~GTSP2168~1) 205940 reads pass barcode filter.
[94.1 minutes]	Chunk 30: (pLinus~GTSP2168~1) 11377 reads pass linker code filter.
[94.1 minutes]	Chunk 30: (pLinus~GTSP2168~1) 11221 reads pass all demultiplexing filters.
[94.1 minutes]	Chunk 30: (pLinus~GTSP2168~1) 0 reads aligned to the vector and will be removed.
[94.2 minutes]	Chunk 30: (pLinus~GTSP2168~1) 11221 reads remain after removing vector aligned reads and synchronizing.
[94.2 minutes]	Chunk 30: (pLinus~GTSP2168~1) 592 reads removed by virus read start test filter (10 NTs).
[94.2 minutes]	Chunk 30: (pLinus~GTSP2168~1) 592 reads removed after all filters.
[94.5 minutes]	Chunk 30: (pLinus~GTSP2168~1) 2 reads remaining after LTR/ITR capture.
[94.5 minutes]	Chunk 30: (pLinus~GTSP2168~1) captured random linker ids.
[94.5 minutes]	Chunk 30: (6217) reads remaining after read length filters.
[94.5 minutes]	Chunk 30: (pLinus~GTSP2168~1) completed with 6217 reads.
[95.0 minutes]	Chunk 30: (NTC~NTC1~1) 205940 reads pass barcode filter.
[95.0 minutes]	Chunk 30: (NTC~NTC1~1) 0 reads pass linker code filter.
[95.0 minutes]	Chunk 30: (NTC~NTC1~1) No reads demultiplexed.
[95.4 minutes]	Chunk 30: (pH19~GTSP2169~1) 205940 reads pass barcode filter.
[95.5 minutes]	Chunk 30: (pH19~GTSP2169~1) 5130 reads pass linker code filter.
[95.5 minutes]	Chunk 30: (pH19~GTSP2169~1) 5072 reads pass all demultiplexing filters.
[95.5 minutes]	Chunk 30: (pH19~GTSP2169~1) 25 reads aligned to the vector and will be removed.
[95.5 minutes]	Chunk 30: (pH19~GTSP2169~1) 5060 reads remain after removing vector aligned reads and synchronizing.
[95.5 minutes]	Chunk 30: (pH19~GTSP2169~1) 303 reads removed by virus read start test filter (10 NTs).
[95.5 minutes]	Chunk 30: (pH19~GTSP2169~1) 303 reads removed after all filters.
[95.7 minutes]	Chunk 30: (pH19~GTSP2169~1) 2 reads remaining after LTR/ITR capture.
[95.7 minutes]	Chunk 30: (pH19~GTSP2169~1) captured random linker ids.
[95.7 minutes]	Chunk 30: (2881) reads remaining after read length filters.
[95.7 minutes]	Chunk 30: (pH19~GTSP2169~1) completed with 2881 reads.
[96.2 minutes]	Chunk 30: (pH19~GTSP2170~1) 205940 reads pass barcode filter.
[96.2 minutes]	Chunk 30: (pH19~GTSP2170~1) 5652 reads pass linker code filter.
[96.2 minutes]	Chunk 30: (pH19~GTSP2170~1) 5574 reads pass all demultiplexing filters.
[96.3 minutes]	Chunk 30: (pH19~GTSP2170~1) 38 reads aligned to the vector and will be removed.
[96.3 minutes]	Chunk 30: (pH19~GTSP2170~1) 5556 reads remain after removing vector aligned reads and synchronizing.
[96.3 minutes]	Chunk 30: (pH19~GTSP2170~1) 274 reads removed by virus read start test filter (10 NTs).
[96.3 minutes]	Chunk 30: (pH19~GTSP2170~1) 274 reads removed after all filters.
[96.5 minutes]	Chunk 30: (pH19~GTSP2170~1) 2 reads remaining after LTR/ITR capture.
[96.5 minutes]	Chunk 30: (pH19~GTSP2170~1) captured random linker ids.
[96.5 minutes]	Chunk 30: (3445) reads remaining after read length filters.
[96.5 minutes]	Chunk 30: (pH19~GTSP2170~1) completed with 3445 reads.
[96.9 minutes]	Chunk 30: (pH19~GTSP2171~1) 205940 reads pass barcode filter.
[97.0 minutes]	Chunk 30: (pH19~GTSP2171~1) 17 reads pass linker code filter.
[97.0 minutes]	Chunk 30: (pH19~GTSP2171~1) 17 reads pass all demultiplexing filters.
[97.0 minutes]	Chunk 30: (pH19~GTSP2171~1) 0 reads aligned to the vector and will be removed.
[97.0 minutes]	Chunk 30: (pH19~GTSP2171~1) 17 reads remain after removing vector aligned reads and synchronizing.
[97.0 minutes]	Chunk 30: (pH19~GTSP2171~1) 0 reads removed by virus read start test filter (10 NTs).
[97.0 minutes]	Chunk 30: (pH19~GTSP2171~1) 0 reads removed after all filters.
[97.0 minutes]	Chunk 30: (pH19~GTSP2171~1) 2 reads remaining after LTR/ITR capture.
[97.0 minutes]	Chunk 30: (pH19~GTSP2171~1) captured random linker ids.
[97.0 minutes]	Chunk 30: (11) reads remaining after read length filters.
[97.0 minutes]	Chunk 30: (pH19~GTSP2171~1) completed with 11 reads.
[97.4 minutes]	Chunk 30: (pJ60~GTSP2172~1) 205940 reads pass barcode filter.
[97.5 minutes]	Chunk 30: (pJ60~GTSP2172~1) 13428 reads pass linker code filter.
[97.5 minutes]	Chunk 30: (pJ60~GTSP2172~1) 13203 reads pass all demultiplexing filters.
[97.6 minutes]	Chunk 30: (pJ60~GTSP2172~1) 94 reads aligned to the vector and will be removed.
[97.6 minutes]	Chunk 30: (pJ60~GTSP2172~1) 13171 reads remain after removing vector aligned reads and synchronizing.
[97.6 minutes]	Chunk 30: (pJ60~GTSP2172~1) 703 reads removed by virus read start test filter (10 NTs).
[97.6 minutes]	Chunk 30: (pJ60~GTSP2172~1) 703 reads removed after all filters.
[98.2 minutes]	Chunk 30: (pJ60~GTSP2172~1) 2 reads remaining after LTR/ITR capture.
[98.2 minutes]	Chunk 30: (pJ60~GTSP2172~1) captured random linker ids.
[98.2 minutes]	Chunk 30: (7809) reads remaining after read length filters.
[98.2 minutes]	Chunk 30: (pJ60~GTSP2172~1) completed with 7809 reads.
[98.7 minutes]	Chunk 30: (pJ60~GTSP2173~1) 205940 reads pass barcode filter.
[98.8 minutes]	Chunk 30: (pJ60~GTSP2173~1) 16888 reads pass linker code filter.
[98.8 minutes]	Chunk 30: (pJ60~GTSP2173~1) 16651 reads pass all demultiplexing filters.
[98.9 minutes]	Chunk 30: (pJ60~GTSP2173~1) 219 reads aligned to the vector and will be removed.
[98.9 minutes]	Chunk 30: (pJ60~GTSP2173~1) 16577 reads remain after removing vector aligned reads and synchronizing.
[98.9 minutes]	Chunk 30: (pJ60~GTSP2173~1) 762 reads removed by virus read start test filter (10 NTs).
[98.9 minutes]	Chunk 30: (pJ60~GTSP2173~1) 762 reads removed after all filters.
[99.5 minutes]	Chunk 30: (pJ60~GTSP2173~1) 2 reads remaining after LTR/ITR capture.
[99.5 minutes]	Chunk 30: (pJ60~GTSP2173~1) captured random linker ids.
[99.5 minutes]	Chunk 30: (10169) reads remaining after read length filters.
[99.5 minutes]	Chunk 30: (pJ60~GTSP2173~1) completed with 10169 reads.
[100.0 minutes]	Chunk 30: (pJ60~GTSP2174~1) 205940 reads pass barcode filter.
[100.0 minutes]	Chunk 30: (pJ60~GTSP2174~1) 12681 reads pass linker code filter.
[100.0 minutes]	Chunk 30: (pJ60~GTSP2174~1) 12503 reads pass all demultiplexing filters.
[100.1 minutes]	Chunk 30: (pJ60~GTSP2174~1) 67 reads aligned to the vector and will be removed.
[100.1 minutes]	Chunk 30: (pJ60~GTSP2174~1) 12480 reads remain after removing vector aligned reads and synchronizing.
[100.1 minutes]	Chunk 30: (pJ60~GTSP2174~1) 573 reads removed by virus read start test filter (10 NTs).
[100.1 minutes]	Chunk 30: (pJ60~GTSP2174~1) 573 reads removed after all filters.
[100.5 minutes]	Chunk 30: (pJ60~GTSP2174~1) 2 reads remaining after LTR/ITR capture.
[100.5 minutes]	Chunk 30: (pJ60~GTSP2174~1) captured random linker ids.
[100.5 minutes]	Chunk 30: (6442) reads remaining after read length filters.
[100.5 minutes]	Chunk 30: (pJ60~GTSP2174~1) completed with 6442 reads.
[101.0 minutes]	Chunk 30: (pM06~GTSP2175~1) 205940 reads pass barcode filter.
[101.0 minutes]	Chunk 30: (pM06~GTSP2175~1) 11859 reads pass linker code filter.
[101.0 minutes]	Chunk 30: (pM06~GTSP2175~1) 11604 reads pass all demultiplexing filters.
[101.2 minutes]	Chunk 30: (pM06~GTSP2175~1) 184 reads aligned to the vector and will be removed.
[101.2 minutes]	Chunk 30: (pM06~GTSP2175~1) 11534 reads remain after removing vector aligned reads and synchronizing.
[101.2 minutes]	Chunk 30: (pM06~GTSP2175~1) 678 reads removed by virus read start test filter (10 NTs).
[101.2 minutes]	Chunk 30: (pM06~GTSP2175~1) 678 reads removed after all filters.
[101.6 minutes]	Chunk 30: (pM06~GTSP2175~1) 2 reads remaining after LTR/ITR capture.
[101.6 minutes]	Chunk 30: (pM06~GTSP2175~1) captured random linker ids.
[101.6 minutes]	Chunk 30: (5076) reads remaining after read length filters.
[101.6 minutes]	Chunk 30: (pM06~GTSP2175~1) completed with 5076 reads.
[102.1 minutes]	Chunk 30: (pM06~GTSP2176~1) 205940 reads pass barcode filter.
[102.1 minutes]	Chunk 30: (pM06~GTSP2176~1) 17407 reads pass linker code filter.
[102.2 minutes]	Chunk 30: (pM06~GTSP2176~1) 17096 reads pass all demultiplexing filters.
[102.2 minutes]	Chunk 30: (pM06~GTSP2176~1) 245 reads aligned to the vector and will be removed.
[102.3 minutes]	Chunk 30: (pM06~GTSP2176~1) 16999 reads remain after removing vector aligned reads and synchronizing.
[102.3 minutes]	Chunk 30: (pM06~GTSP2176~1) 846 reads removed by virus read start test filter (10 NTs).
[102.3 minutes]	Chunk 30: (pM06~GTSP2176~1) 846 reads removed after all filters.
[102.8 minutes]	Chunk 30: (pM06~GTSP2176~1) 2 reads remaining after LTR/ITR capture.
[102.8 minutes]	Chunk 30: (pM06~GTSP2176~1) captured random linker ids.
[102.8 minutes]	Chunk 30: (7443) reads remaining after read length filters.
[102.8 minutes]	Chunk 30: (pM06~GTSP2176~1) completed with 7443 reads.
[103.3 minutes]	Chunk 30: (pM06~GTSP2177~1) 205940 reads pass barcode filter.
[103.3 minutes]	Chunk 30: (pM06~GTSP2177~1) 13286 reads pass linker code filter.
[103.3 minutes]	Chunk 30: (pM06~GTSP2177~1) 13083 reads pass all demultiplexing filters.
[103.4 minutes]	Chunk 30: (pM06~GTSP2177~1) 236 reads aligned to the vector and will be removed.
[103.4 minutes]	Chunk 30: (pM06~GTSP2177~1) 12984 reads remain after removing vector aligned reads and synchronizing.
[103.5 minutes]	Chunk 30: (pM06~GTSP2177~1) 583 reads removed by virus read start test filter (10 NTs).
[103.5 minutes]	Chunk 30: (pM06~GTSP2177~1) 583 reads removed after all filters.
[104.0 minutes]	Chunk 30: (pM06~GTSP2177~1) 2 reads remaining after LTR/ITR capture.
[104.1 minutes]	Chunk 30: (pM06~GTSP2177~1) captured random linker ids.
[104.1 minutes]	Chunk 30: (6003) reads remaining after read length filters.
[104.1 minutes]	Chunk 30: (pM06~GTSP2177~1) completed with 6003 reads.
[104.5 minutes]	Chunk 30: (pHO2~GTSP2178~1) 205940 reads pass barcode filter.
[104.5 minutes]	Chunk 30: (pHO2~GTSP2178~1) 9729 reads pass linker code filter.
[104.5 minutes]	Chunk 30: (pHO2~GTSP2178~1) 9570 reads pass all demultiplexing filters.
[104.7 minutes]	Chunk 30: (pHO2~GTSP2178~1) 6 reads aligned to the vector and will be removed.
[104.7 minutes]	Chunk 30: (pHO2~GTSP2178~1) 9568 reads remain after removing vector aligned reads and synchronizing.
[104.7 minutes]	Chunk 30: (pHO2~GTSP2178~1) 206 reads removed by virus read start test filter (10 NTs).
[104.7 minutes]	Chunk 30: (pHO2~GTSP2178~1) 206 reads removed after all filters.
[104.9 minutes]	Chunk 30: (pHO2~GTSP2178~1) 2 reads remaining after LTR/ITR capture.
[104.9 minutes]	Chunk 30: (pHO2~GTSP2178~1) captured random linker ids.
[104.9 minutes]	Chunk 30: (2940) reads remaining after read length filters.
[104.9 minutes]	Chunk 30: (pHO2~GTSP2178~1) completed with 2940 reads.
[105.3 minutes]	Chunk 30: (pM12~GTSP2179~1) 205940 reads pass barcode filter.
[105.3 minutes]	Chunk 30: (pM12~GTSP2179~1) 6955 reads pass linker code filter.
[105.3 minutes]	Chunk 30: (pM12~GTSP2179~1) 6853 reads pass all demultiplexing filters.
[105.4 minutes]	Chunk 30: (pM12~GTSP2179~1) 12 reads aligned to the vector and will be removed.
[105.4 minutes]	Chunk 30: (pM12~GTSP2179~1) 6849 reads remain after removing vector aligned reads and synchronizing.
[105.4 minutes]	Chunk 30: (pM12~GTSP2179~1) 159 reads removed by virus read start test filter (10 NTs).
[105.4 minutes]	Chunk 30: (pM12~GTSP2179~1) 159 reads removed after all filters.
[105.5 minutes]	Chunk 30: (pM12~GTSP2179~1) 2 reads remaining after LTR/ITR capture.
[105.5 minutes]	Chunk 30: (pM12~GTSP2179~1) captured random linker ids.
[105.5 minutes]	Chunk 30: (2259) reads remaining after read length filters.
[105.5 minutes]	Chunk 30: (pM12~GTSP2179~1) completed with 2259 reads.
[105.9 minutes]	Chunk 30: (NTC~NTC2~1) 205940 reads pass barcode filter.
[105.9 minutes]	Chunk 30: (NTC~NTC2~1) 0 reads pass linker code filter.
[105.9 minutes]	Chunk 30: (NTC~NTC2~1) No reads demultiplexed.
