[86.7 minutes]	Chunk 21: (pM50~GTSP2160~1) 207315 reads pass barcode filter.
[86.7 minutes]	Chunk 21: (pM50~GTSP2160~1) 12165 reads pass linker code filter.
[86.7 minutes]	Chunk 21: (pM50~GTSP2160~1) 12017 reads pass all demultiplexing filters.
[86.9 minutes]	Chunk 21: (pM50~GTSP2160~1) 114 reads aligned to the vector and will be removed.
[86.9 minutes]	Chunk 21: (pM50~GTSP2160~1) 11969 reads remain after removing vector aligned reads and synchronizing.
[86.9 minutes]	Chunk 21: (pM50~GTSP2160~1) 730 reads removed by virus read start test filter (10 NTs).
[86.9 minutes]	Chunk 21: (pM50~GTSP2160~1) 730 reads removed after all filters.
[87.2 minutes]	Chunk 21: (pM50~GTSP2160~1) 2 reads remaining after LTR/ITR capture.
[87.2 minutes]	Chunk 21: (pM50~GTSP2160~1) captured random linker ids.
[87.2 minutes]	Chunk 21: (6347) reads remaining after read length filters.
[87.2 minutes]	Chunk 21: (pM50~GTSP2160~1) completed with 6347 reads.
[87.6 minutes]	Chunk 21: (pM50~GTSP2161~1) 207315 reads pass barcode filter.
[87.7 minutes]	Chunk 21: (pM50~GTSP2161~1) 8840 reads pass linker code filter.
[87.7 minutes]	Chunk 21: (pM50~GTSP2161~1) 8698 reads pass all demultiplexing filters.
[87.8 minutes]	Chunk 21: (pM50~GTSP2161~1) 93 reads aligned to the vector and will be removed.
[87.8 minutes]	Chunk 21: (pM50~GTSP2161~1) 8659 reads remain after removing vector aligned reads and synchronizing.
[87.8 minutes]	Chunk 21: (pM50~GTSP2161~1) 529 reads removed by virus read start test filter (10 NTs).
[87.8 minutes]	Chunk 21: (pM50~GTSP2161~1) 529 reads removed after all filters.
[88.1 minutes]	Chunk 21: (pM50~GTSP2161~1) 2 reads remaining after LTR/ITR capture.
[88.1 minutes]	Chunk 21: (pM50~GTSP2161~1) captured random linker ids.
[88.1 minutes]	Chunk 21: (4361) reads remaining after read length filters.
[88.1 minutes]	Chunk 21: (pM50~GTSP2161~1) completed with 4361 reads.
[88.5 minutes]	Chunk 21: (pM50~GTSP2162~1) 207315 reads pass barcode filter.
[88.5 minutes]	Chunk 21: (pM50~GTSP2162~1) 9141 reads pass linker code filter.
[88.5 minutes]	Chunk 21: (pM50~GTSP2162~1) 9000 reads pass all demultiplexing filters.
[88.6 minutes]	Chunk 21: (pM50~GTSP2162~1) 205 reads aligned to the vector and will be removed.
[88.7 minutes]	Chunk 21: (pM50~GTSP2162~1) 8923 reads remain after removing vector aligned reads and synchronizing.
[88.7 minutes]	Chunk 21: (pM50~GTSP2162~1) 541 reads removed by virus read start test filter (10 NTs).
[88.7 minutes]	Chunk 21: (pM50~GTSP2162~1) 541 reads removed after all filters.
[89.0 minutes]	Chunk 21: (pM50~GTSP2162~1) 2 reads remaining after LTR/ITR capture.
[89.0 minutes]	Chunk 21: (pM50~GTSP2162~1) captured random linker ids.
[89.0 minutes]	Chunk 21: (5537) reads remaining after read length filters.
[89.0 minutes]	Chunk 21: (pM50~GTSP2162~1) completed with 5537 reads.
[89.4 minutes]	Chunk 21: (pM66~GTSP2163~1) 207315 reads pass barcode filter.
[89.5 minutes]	Chunk 21: (pM66~GTSP2163~1) 6479 reads pass linker code filter.
[89.5 minutes]	Chunk 21: (pM66~GTSP2163~1) 6368 reads pass all demultiplexing filters.
[89.5 minutes]	Chunk 21: (pM66~GTSP2163~1) 41 reads aligned to the vector and will be removed.
[89.5 minutes]	Chunk 21: (pM66~GTSP2163~1) 6343 reads remain after removing vector aligned reads and synchronizing.
[89.5 minutes]	Chunk 21: (pM66~GTSP2163~1) 319 reads removed by virus read start test filter (10 NTs).
[89.5 minutes]	Chunk 21: (pM66~GTSP2163~1) 319 reads removed after all filters.
[89.8 minutes]	Chunk 21: (pM66~GTSP2163~1) 2 reads remaining after LTR/ITR capture.
[89.8 minutes]	Chunk 21: (pM66~GTSP2163~1) captured random linker ids.
[89.8 minutes]	Chunk 21: (3230) reads remaining after read length filters.
[89.8 minutes]	Chunk 21: (pM66~GTSP2163~1) completed with 3230 reads.
[90.2 minutes]	Chunk 21: (pM66~GTSP2164~1) 207315 reads pass barcode filter.
[90.2 minutes]	Chunk 21: (pM66~GTSP2164~1) 12212 reads pass linker code filter.
[90.2 minutes]	Chunk 21: (pM66~GTSP2164~1) 12017 reads pass all demultiplexing filters.
[90.4 minutes]	Chunk 21: (pM66~GTSP2164~1) 61 reads aligned to the vector and will be removed.
[90.4 minutes]	Chunk 21: (pM66~GTSP2164~1) 11994 reads remain after removing vector aligned reads and synchronizing.
[90.4 minutes]	Chunk 21: (pM66~GTSP2164~1) 338 reads removed by virus read start test filter (10 NTs).
[90.4 minutes]	Chunk 21: (pM66~GTSP2164~1) 338 reads removed after all filters.
[90.8 minutes]	Chunk 21: (pM66~GTSP2164~1) 2 reads remaining after LTR/ITR capture.
[90.8 minutes]	Chunk 21: (pM66~GTSP2164~1) captured random linker ids.
[90.8 minutes]	Chunk 21: (4408) reads remaining after read length filters.
[90.8 minutes]	Chunk 21: (pM66~GTSP2164~1) completed with 4408 reads.
[91.2 minutes]	Chunk 21: (pM66~GTSP2165~1) 207315 reads pass barcode filter.
[91.3 minutes]	Chunk 21: (pM66~GTSP2165~1) 4796 reads pass linker code filter.
[91.3 minutes]	Chunk 21: (pM66~GTSP2165~1) 4736 reads pass all demultiplexing filters.
[91.3 minutes]	Chunk 21: (pM66~GTSP2165~1) 90 reads aligned to the vector and will be removed.
[91.3 minutes]	Chunk 21: (pM66~GTSP2165~1) 4698 reads remain after removing vector aligned reads and synchronizing.
[91.3 minutes]	Chunk 21: (pM66~GTSP2165~1) 270 reads removed by virus read start test filter (10 NTs).
[91.3 minutes]	Chunk 21: (pM66~GTSP2165~1) 270 reads removed after all filters.
[91.5 minutes]	Chunk 21: (pM66~GTSP2165~1) 2 reads remaining after LTR/ITR capture.
[91.5 minutes]	Chunk 21: (pM66~GTSP2165~1) captured random linker ids.
[91.5 minutes]	Chunk 21: (2669) reads remaining after read length filters.
[91.5 minutes]	Chunk 21: (pM66~GTSP2165~1) completed with 2669 reads.
[92.0 minutes]	Chunk 21: (pLinus~GTSP2166~1) 207315 reads pass barcode filter.
[92.0 minutes]	Chunk 21: (pLinus~GTSP2166~1) 13943 reads pass linker code filter.
[92.0 minutes]	Chunk 21: (pLinus~GTSP2166~1) 13787 reads pass all demultiplexing filters.
[92.1 minutes]	Chunk 21: (pLinus~GTSP2166~1) 1 reads aligned to the vector and will be removed.
[92.2 minutes]	Chunk 21: (pLinus~GTSP2166~1) 13786 reads remain after removing vector aligned reads and synchronizing.
[92.2 minutes]	Chunk 21: (pLinus~GTSP2166~1) 625 reads removed by virus read start test filter (10 NTs).
[92.2 minutes]	Chunk 21: (pLinus~GTSP2166~1) 625 reads removed after all filters.
[92.5 minutes]	Chunk 21: (pLinus~GTSP2166~1) 2 reads remaining after LTR/ITR capture.
[92.5 minutes]	Chunk 21: (pLinus~GTSP2166~1) captured random linker ids.
[92.5 minutes]	Chunk 21: (7397) reads remaining after read length filters.
[92.6 minutes]	Chunk 21: (pLinus~GTSP2166~1) completed with 7397 reads.
[93.0 minutes]	Chunk 21: (pLinus~GTSP2167~1) 207315 reads pass barcode filter.
[93.1 minutes]	Chunk 21: (pLinus~GTSP2167~1) 11620 reads pass linker code filter.
[93.1 minutes]	Chunk 21: (pLinus~GTSP2167~1) 11479 reads pass all demultiplexing filters.
[93.2 minutes]	Chunk 21: (pLinus~GTSP2167~1) 0 reads aligned to the vector and will be removed.
[93.2 minutes]	Chunk 21: (pLinus~GTSP2167~1) 11479 reads remain after removing vector aligned reads and synchronizing.
[93.2 minutes]	Chunk 21: (pLinus~GTSP2167~1) 675 reads removed by virus read start test filter (10 NTs).
[93.2 minutes]	Chunk 21: (pLinus~GTSP2167~1) 675 reads removed after all filters.
[93.5 minutes]	Chunk 21: (pLinus~GTSP2167~1) 2 reads remaining after LTR/ITR capture.
[93.5 minutes]	Chunk 21: (pLinus~GTSP2167~1) captured random linker ids.
[93.5 minutes]	Chunk 21: (7904) reads remaining after read length filters.
[93.5 minutes]	Chunk 21: (pLinus~GTSP2167~1) completed with 7904 reads.
[94.0 minutes]	Chunk 21: (pLinus~GTSP2168~1) 207315 reads pass barcode filter.
[94.0 minutes]	Chunk 21: (pLinus~GTSP2168~1) 10277 reads pass linker code filter.
[94.0 minutes]	Chunk 21: (pLinus~GTSP2168~1) 10146 reads pass all demultiplexing filters.
[94.1 minutes]	Chunk 21: (pLinus~GTSP2168~1) 1 reads aligned to the vector and will be removed.
[94.1 minutes]	Chunk 21: (pLinus~GTSP2168~1) 10145 reads remain after removing vector aligned reads and synchronizing.
[94.1 minutes]	Chunk 21: (pLinus~GTSP2168~1) 549 reads removed by virus read start test filter (10 NTs).
[94.1 minutes]	Chunk 21: (pLinus~GTSP2168~1) 549 reads removed after all filters.
[94.4 minutes]	Chunk 21: (pLinus~GTSP2168~1) 2 reads remaining after LTR/ITR capture.
[94.4 minutes]	Chunk 21: (pLinus~GTSP2168~1) captured random linker ids.
[94.4 minutes]	Chunk 21: (5505) reads remaining after read length filters.
[94.4 minutes]	Chunk 21: (pLinus~GTSP2168~1) completed with 5505 reads.
[94.9 minutes]	Chunk 21: (NTC~NTC1~1) 207315 reads pass barcode filter.
[94.9 minutes]	Chunk 21: (NTC~NTC1~1) 0 reads pass linker code filter.
[94.9 minutes]	Chunk 21: (NTC~NTC1~1) No reads demultiplexed.
[95.3 minutes]	Chunk 21: (pH19~GTSP2169~1) 207315 reads pass barcode filter.
[95.4 minutes]	Chunk 21: (pH19~GTSP2169~1) 5930 reads pass linker code filter.
[95.4 minutes]	Chunk 21: (pH19~GTSP2169~1) 5843 reads pass all demultiplexing filters.
[95.4 minutes]	Chunk 21: (pH19~GTSP2169~1) 27 reads aligned to the vector and will be removed.
[95.4 minutes]	Chunk 21: (pH19~GTSP2169~1) 5831 reads remain after removing vector aligned reads and synchronizing.
[95.4 minutes]	Chunk 21: (pH19~GTSP2169~1) 400 reads removed by virus read start test filter (10 NTs).
[95.4 minutes]	Chunk 21: (pH19~GTSP2169~1) 400 reads removed after all filters.
[95.6 minutes]	Chunk 21: (pH19~GTSP2169~1) 2 reads remaining after LTR/ITR capture.
[95.6 minutes]	Chunk 21: (pH19~GTSP2169~1) captured random linker ids.
[95.6 minutes]	Chunk 21: (3030) reads remaining after read length filters.
[95.6 minutes]	Chunk 21: (pH19~GTSP2169~1) completed with 3030 reads.
[96.1 minutes]	Chunk 21: (pH19~GTSP2170~1) 207315 reads pass barcode filter.
[96.1 minutes]	Chunk 21: (pH19~GTSP2170~1) 6240 reads pass linker code filter.
[96.1 minutes]	Chunk 21: (pH19~GTSP2170~1) 6173 reads pass all demultiplexing filters.
[96.2 minutes]	Chunk 21: (pH19~GTSP2170~1) 35 reads aligned to the vector and will be removed.
[96.2 minutes]	Chunk 21: (pH19~GTSP2170~1) 6156 reads remain after removing vector aligned reads and synchronizing.
[96.2 minutes]	Chunk 21: (pH19~GTSP2170~1) 287 reads removed by virus read start test filter (10 NTs).
[96.2 minutes]	Chunk 21: (pH19~GTSP2170~1) 287 reads removed after all filters.
[96.3 minutes]	Chunk 21: (pH19~GTSP2170~1) 2 reads remaining after LTR/ITR capture.
[96.3 minutes]	Chunk 21: (pH19~GTSP2170~1) captured random linker ids.
[96.4 minutes]	Chunk 21: (3721) reads remaining after read length filters.
[96.4 minutes]	Chunk 21: (pH19~GTSP2170~1) completed with 3721 reads.
[96.8 minutes]	Chunk 21: (pH19~GTSP2171~1) 207315 reads pass barcode filter.
[96.9 minutes]	Chunk 21: (pH19~GTSP2171~1) 38 reads pass linker code filter.
[96.9 minutes]	Chunk 21: (pH19~GTSP2171~1) 37 reads pass all demultiplexing filters.
[96.9 minutes]	Chunk 21: (pH19~GTSP2171~1) 0 reads aligned to the vector and will be removed.
[96.9 minutes]	Chunk 21: (pH19~GTSP2171~1) 37 reads remain after removing vector aligned reads and synchronizing.
[96.9 minutes]	Chunk 21: (pH19~GTSP2171~1) 2 reads removed by virus read start test filter (10 NTs).
[96.9 minutes]	Chunk 21: (pH19~GTSP2171~1) 2 reads removed after all filters.
[96.9 minutes]	Chunk 21: (pH19~GTSP2171~1) 2 reads remaining after LTR/ITR capture.
[96.9 minutes]	Chunk 21: (pH19~GTSP2171~1) captured random linker ids.
[96.9 minutes]	Chunk 21: (25) reads remaining after read length filters.
[96.9 minutes]	Chunk 21: (pH19~GTSP2171~1) completed with 25 reads.
[97.4 minutes]	Chunk 21: (pJ60~GTSP2172~1) 207315 reads pass barcode filter.
[97.4 minutes]	Chunk 21: (pJ60~GTSP2172~1) 15552 reads pass linker code filter.
[97.4 minutes]	Chunk 21: (pJ60~GTSP2172~1) 15330 reads pass all demultiplexing filters.
[97.6 minutes]	Chunk 21: (pJ60~GTSP2172~1) 141 reads aligned to the vector and will be removed.
[97.6 minutes]	Chunk 21: (pJ60~GTSP2172~1) 15282 reads remain after removing vector aligned reads and synchronizing.
[97.6 minutes]	Chunk 21: (pJ60~GTSP2172~1) 772 reads removed by virus read start test filter (10 NTs).
[97.6 minutes]	Chunk 21: (pJ60~GTSP2172~1) 772 reads removed after all filters.
[98.3 minutes]	Chunk 21: (pJ60~GTSP2172~1) 2 reads remaining after LTR/ITR capture.
[98.3 minutes]	Chunk 21: (pJ60~GTSP2172~1) captured random linker ids.
[98.3 minutes]	Chunk 21: (8744) reads remaining after read length filters.
[98.3 minutes]	Chunk 21: (pJ60~GTSP2172~1) completed with 8744 reads.
[98.7 minutes]	Chunk 21: (pJ60~GTSP2173~1) 207315 reads pass barcode filter.
[98.8 minutes]	Chunk 21: (pJ60~GTSP2173~1) 15038 reads pass linker code filter.
[98.8 minutes]	Chunk 21: (pJ60~GTSP2173~1) 14851 reads pass all demultiplexing filters.
[98.9 minutes]	Chunk 21: (pJ60~GTSP2173~1) 155 reads aligned to the vector and will be removed.
[98.9 minutes]	Chunk 21: (pJ60~GTSP2173~1) 14799 reads remain after removing vector aligned reads and synchronizing.
[98.9 minutes]	Chunk 21: (pJ60~GTSP2173~1) 779 reads removed by virus read start test filter (10 NTs).
[98.9 minutes]	Chunk 21: (pJ60~GTSP2173~1) 779 reads removed after all filters.
[99.5 minutes]	Chunk 21: (pJ60~GTSP2173~1) 2 reads remaining after LTR/ITR capture.
[99.5 minutes]	Chunk 21: (pJ60~GTSP2173~1) captured random linker ids.
[99.5 minutes]	Chunk 21: (8723) reads remaining after read length filters.
[99.5 minutes]	Chunk 21: (pJ60~GTSP2173~1) completed with 8723 reads.
[100.0 minutes]	Chunk 21: (pJ60~GTSP2174~1) 207315 reads pass barcode filter.
[100.0 minutes]	Chunk 21: (pJ60~GTSP2174~1) 12945 reads pass linker code filter.
[100.0 minutes]	Chunk 21: (pJ60~GTSP2174~1) 12766 reads pass all demultiplexing filters.
[100.1 minutes]	Chunk 21: (pJ60~GTSP2174~1) 54 reads aligned to the vector and will be removed.
[100.1 minutes]	Chunk 21: (pJ60~GTSP2174~1) 12746 reads remain after removing vector aligned reads and synchronizing.
[100.1 minutes]	Chunk 21: (pJ60~GTSP2174~1) 596 reads removed by virus read start test filter (10 NTs).
[100.1 minutes]	Chunk 21: (pJ60~GTSP2174~1) 596 reads removed after all filters.
[100.5 minutes]	Chunk 21: (pJ60~GTSP2174~1) 2 reads remaining after LTR/ITR capture.
[100.5 minutes]	Chunk 21: (pJ60~GTSP2174~1) captured random linker ids.
[100.5 minutes]	Chunk 21: (6525) reads remaining after read length filters.
[100.5 minutes]	Chunk 21: (pJ60~GTSP2174~1) completed with 6525 reads.
[101.0 minutes]	Chunk 21: (pM06~GTSP2175~1) 207315 reads pass barcode filter.
[101.0 minutes]	Chunk 21: (pM06~GTSP2175~1) 12139 reads pass linker code filter.
[101.0 minutes]	Chunk 21: (pM06~GTSP2175~1) 11904 reads pass all demultiplexing filters.
[101.1 minutes]	Chunk 21: (pM06~GTSP2175~1) 223 reads aligned to the vector and will be removed.
[101.1 minutes]	Chunk 21: (pM06~GTSP2175~1) 11813 reads remain after removing vector aligned reads and synchronizing.
[101.1 minutes]	Chunk 21: (pM06~GTSP2175~1) 695 reads removed by virus read start test filter (10 NTs).
[101.1 minutes]	Chunk 21: (pM06~GTSP2175~1) 695 reads removed after all filters.
[101.6 minutes]	Chunk 21: (pM06~GTSP2175~1) 2 reads remaining after LTR/ITR capture.
[101.6 minutes]	Chunk 21: (pM06~GTSP2175~1) captured random linker ids.
[101.6 minutes]	Chunk 21: (4792) reads remaining after read length filters.
[101.6 minutes]	Chunk 21: (pM06~GTSP2175~1) completed with 4792 reads.
[102.1 minutes]	Chunk 21: (pM06~GTSP2176~1) 207315 reads pass barcode filter.
[102.1 minutes]	Chunk 21: (pM06~GTSP2176~1) 16447 reads pass linker code filter.
[102.1 minutes]	Chunk 21: (pM06~GTSP2176~1) 16140 reads pass all demultiplexing filters.
[102.2 minutes]	Chunk 21: (pM06~GTSP2176~1) 247 reads aligned to the vector and will be removed.
[102.3 minutes]	Chunk 21: (pM06~GTSP2176~1) 16043 reads remain after removing vector aligned reads and synchronizing.
[102.3 minutes]	Chunk 21: (pM06~GTSP2176~1) 740 reads removed by virus read start test filter (10 NTs).
[102.3 minutes]	Chunk 21: (pM06~GTSP2176~1) 740 reads removed after all filters.
[102.8 minutes]	Chunk 21: (pM06~GTSP2176~1) 2 reads remaining after LTR/ITR capture.
[102.8 minutes]	Chunk 21: (pM06~GTSP2176~1) captured random linker ids.
[102.8 minutes]	Chunk 21: (6667) reads remaining after read length filters.
[102.8 minutes]	Chunk 21: (pM06~GTSP2176~1) completed with 6667 reads.
[103.3 minutes]	Chunk 21: (pM06~GTSP2177~1) 207315 reads pass barcode filter.
[103.3 minutes]	Chunk 21: (pM06~GTSP2177~1) 12539 reads pass linker code filter.
[103.3 minutes]	Chunk 21: (pM06~GTSP2177~1) 12334 reads pass all demultiplexing filters.
[103.4 minutes]	Chunk 21: (pM06~GTSP2177~1) 250 reads aligned to the vector and will be removed.
[103.4 minutes]	Chunk 21: (pM06~GTSP2177~1) 12233 reads remain after removing vector aligned reads and synchronizing.
[103.4 minutes]	Chunk 21: (pM06~GTSP2177~1) 491 reads removed by virus read start test filter (10 NTs).
[103.4 minutes]	Chunk 21: (pM06~GTSP2177~1) 491 reads removed after all filters.
[103.9 minutes]	Chunk 21: (pM06~GTSP2177~1) 2 reads remaining after LTR/ITR capture.
[103.9 minutes]	Chunk 21: (pM06~GTSP2177~1) captured random linker ids.
[103.9 minutes]	Chunk 21: (5302) reads remaining after read length filters.
[103.9 minutes]	Chunk 21: (pM06~GTSP2177~1) completed with 5302 reads.
[104.4 minutes]	Chunk 21: (pHO2~GTSP2178~1) 207315 reads pass barcode filter.
[104.5 minutes]	Chunk 21: (pHO2~GTSP2178~1) 10559 reads pass linker code filter.
[104.5 minutes]	Chunk 21: (pHO2~GTSP2178~1) 10398 reads pass all demultiplexing filters.
[104.6 minutes]	Chunk 21: (pHO2~GTSP2178~1) 0 reads aligned to the vector and will be removed.
[104.6 minutes]	Chunk 21: (pHO2~GTSP2178~1) 10398 reads remain after removing vector aligned reads and synchronizing.
[104.6 minutes]	Chunk 21: (pHO2~GTSP2178~1) 214 reads removed by virus read start test filter (10 NTs).
[104.6 minutes]	Chunk 21: (pHO2~GTSP2178~1) 214 reads removed after all filters.
[104.8 minutes]	Chunk 21: (pHO2~GTSP2178~1) 2 reads remaining after LTR/ITR capture.
[104.8 minutes]	Chunk 21: (pHO2~GTSP2178~1) captured random linker ids.
[104.8 minutes]	Chunk 21: (3141) reads remaining after read length filters.
[104.8 minutes]	Chunk 21: (pHO2~GTSP2178~1) completed with 3141 reads.
[105.2 minutes]	Chunk 21: (pM12~GTSP2179~1) 207315 reads pass barcode filter.
[105.3 minutes]	Chunk 21: (pM12~GTSP2179~1) 8208 reads pass linker code filter.
[105.3 minutes]	Chunk 21: (pM12~GTSP2179~1) 8084 reads pass all demultiplexing filters.
[105.3 minutes]	Chunk 21: (pM12~GTSP2179~1) 18 reads aligned to the vector and will be removed.
[105.4 minutes]	Chunk 21: (pM12~GTSP2179~1) 8078 reads remain after removing vector aligned reads and synchronizing.
[105.4 minutes]	Chunk 21: (pM12~GTSP2179~1) 208 reads removed by virus read start test filter (10 NTs).
[105.4 minutes]	Chunk 21: (pM12~GTSP2179~1) 208 reads removed after all filters.
[105.5 minutes]	Chunk 21: (pM12~GTSP2179~1) 2 reads remaining after LTR/ITR capture.
[105.5 minutes]	Chunk 21: (pM12~GTSP2179~1) captured random linker ids.
[105.5 minutes]	Chunk 21: (2509) reads remaining after read length filters.
[105.5 minutes]	Chunk 21: (pM12~GTSP2179~1) completed with 2509 reads.
[105.9 minutes]	Chunk 21: (NTC~NTC2~1) 207315 reads pass barcode filter.
[105.9 minutes]	Chunk 21: (NTC~NTC2~1) 0 reads pass linker code filter.
[105.9 minutes]	Chunk 21: (NTC~NTC2~1) No reads demultiplexed.
