[86.7 minutes]	Chunk 29: (pM50~GTSP2160~1) 210034 reads pass barcode filter.
[86.7 minutes]	Chunk 29: (pM50~GTSP2160~1) 13159 reads pass linker code filter.
[86.7 minutes]	Chunk 29: (pM50~GTSP2160~1) 12978 reads pass all demultiplexing filters.
[86.8 minutes]	Chunk 29: (pM50~GTSP2160~1) 85 reads aligned to the vector and will be removed.
[86.8 minutes]	Chunk 29: (pM50~GTSP2160~1) 12935 reads remain after removing vector aligned reads and synchronizing.
[86.8 minutes]	Chunk 29: (pM50~GTSP2160~1) 720 reads removed by virus read start test filter (10 NTs).
[86.8 minutes]	Chunk 29: (pM50~GTSP2160~1) 720 reads removed after all filters.
[87.2 minutes]	Chunk 29: (pM50~GTSP2160~1) 2 reads remaining after LTR/ITR capture.
[87.2 minutes]	Chunk 29: (pM50~GTSP2160~1) captured random linker ids.
[87.2 minutes]	Chunk 29: (7168) reads remaining after read length filters.
[87.2 minutes]	Chunk 29: (pM50~GTSP2160~1) completed with 7168 reads.
[87.7 minutes]	Chunk 29: (pM50~GTSP2161~1) 210034 reads pass barcode filter.
[87.7 minutes]	Chunk 29: (pM50~GTSP2161~1) 9371 reads pass linker code filter.
[87.7 minutes]	Chunk 29: (pM50~GTSP2161~1) 9222 reads pass all demultiplexing filters.
[87.8 minutes]	Chunk 29: (pM50~GTSP2161~1) 114 reads aligned to the vector and will be removed.
[87.8 minutes]	Chunk 29: (pM50~GTSP2161~1) 9174 reads remain after removing vector aligned reads and synchronizing.
[87.8 minutes]	Chunk 29: (pM50~GTSP2161~1) 623 reads removed by virus read start test filter (10 NTs).
[87.8 minutes]	Chunk 29: (pM50~GTSP2161~1) 623 reads removed after all filters.
[88.2 minutes]	Chunk 29: (pM50~GTSP2161~1) 2 reads remaining after LTR/ITR capture.
[88.2 minutes]	Chunk 29: (pM50~GTSP2161~1) captured random linker ids.
[88.2 minutes]	Chunk 29: (4838) reads remaining after read length filters.
[88.2 minutes]	Chunk 29: (pM50~GTSP2161~1) completed with 4838 reads.
[88.6 minutes]	Chunk 29: (pM50~GTSP2162~1) 210034 reads pass barcode filter.
[88.6 minutes]	Chunk 29: (pM50~GTSP2162~1) 9777 reads pass linker code filter.
[88.6 minutes]	Chunk 29: (pM50~GTSP2162~1) 9626 reads pass all demultiplexing filters.
[88.7 minutes]	Chunk 29: (pM50~GTSP2162~1) 179 reads aligned to the vector and will be removed.
[88.7 minutes]	Chunk 29: (pM50~GTSP2162~1) 9557 reads remain after removing vector aligned reads and synchronizing.
[88.7 minutes]	Chunk 29: (pM50~GTSP2162~1) 535 reads removed by virus read start test filter (10 NTs).
[88.7 minutes]	Chunk 29: (pM50~GTSP2162~1) 535 reads removed after all filters.
[89.1 minutes]	Chunk 29: (pM50~GTSP2162~1) 2 reads remaining after LTR/ITR capture.
[89.1 minutes]	Chunk 29: (pM50~GTSP2162~1) captured random linker ids.
[89.1 minutes]	Chunk 29: (6024) reads remaining after read length filters.
[89.1 minutes]	Chunk 29: (pM50~GTSP2162~1) completed with 6024 reads.
[89.5 minutes]	Chunk 29: (pM66~GTSP2163~1) 210034 reads pass barcode filter.
[89.6 minutes]	Chunk 29: (pM66~GTSP2163~1) 6562 reads pass linker code filter.
[89.6 minutes]	Chunk 29: (pM66~GTSP2163~1) 6473 reads pass all demultiplexing filters.
[89.6 minutes]	Chunk 29: (pM66~GTSP2163~1) 54 reads aligned to the vector and will be removed.
[89.7 minutes]	Chunk 29: (pM66~GTSP2163~1) 6439 reads remain after removing vector aligned reads and synchronizing.
[89.7 minutes]	Chunk 29: (pM66~GTSP2163~1) 316 reads removed by virus read start test filter (10 NTs).
[89.7 minutes]	Chunk 29: (pM66~GTSP2163~1) 316 reads removed after all filters.
[89.9 minutes]	Chunk 29: (pM66~GTSP2163~1) 2 reads remaining after LTR/ITR capture.
[89.9 minutes]	Chunk 29: (pM66~GTSP2163~1) captured random linker ids.
[89.9 minutes]	Chunk 29: (3483) reads remaining after read length filters.
[89.9 minutes]	Chunk 29: (pM66~GTSP2163~1) completed with 3483 reads.
[90.4 minutes]	Chunk 29: (pM66~GTSP2164~1) 210034 reads pass barcode filter.
[90.4 minutes]	Chunk 29: (pM66~GTSP2164~1) 10900 reads pass linker code filter.
[90.4 minutes]	Chunk 29: (pM66~GTSP2164~1) 10743 reads pass all demultiplexing filters.
[90.5 minutes]	Chunk 29: (pM66~GTSP2164~1) 40 reads aligned to the vector and will be removed.
[90.5 minutes]	Chunk 29: (pM66~GTSP2164~1) 10729 reads remain after removing vector aligned reads and synchronizing.
[90.5 minutes]	Chunk 29: (pM66~GTSP2164~1) 267 reads removed by virus read start test filter (10 NTs).
[90.5 minutes]	Chunk 29: (pM66~GTSP2164~1) 267 reads removed after all filters.
[90.8 minutes]	Chunk 29: (pM66~GTSP2164~1) 2 reads remaining after LTR/ITR capture.
[90.9 minutes]	Chunk 29: (pM66~GTSP2164~1) captured random linker ids.
[90.9 minutes]	Chunk 29: (4451) reads remaining after read length filters.
[90.9 minutes]	Chunk 29: (pM66~GTSP2164~1) completed with 4451 reads.
[91.3 minutes]	Chunk 29: (pM66~GTSP2165~1) 210034 reads pass barcode filter.
[91.3 minutes]	Chunk 29: (pM66~GTSP2165~1) 1402 reads pass linker code filter.
[91.3 minutes]	Chunk 29: (pM66~GTSP2165~1) 1376 reads pass all demultiplexing filters.
[91.4 minutes]	Chunk 29: (pM66~GTSP2165~1) 46 reads aligned to the vector and will be removed.
[91.4 minutes]	Chunk 29: (pM66~GTSP2165~1) 1358 reads remain after removing vector aligned reads and synchronizing.
[91.4 minutes]	Chunk 29: (pM66~GTSP2165~1) 79 reads removed by virus read start test filter (10 NTs).
[91.4 minutes]	Chunk 29: (pM66~GTSP2165~1) 79 reads removed after all filters.
[91.5 minutes]	Chunk 29: (pM66~GTSP2165~1) 2 reads remaining after LTR/ITR capture.
[91.5 minutes]	Chunk 29: (pM66~GTSP2165~1) captured random linker ids.
[91.5 minutes]	Chunk 29: (985) reads remaining after read length filters.
[91.5 minutes]	Chunk 29: (pM66~GTSP2165~1) completed with 985 reads.
[91.9 minutes]	Chunk 29: (pLinus~GTSP2166~1) 210034 reads pass barcode filter.
[92.0 minutes]	Chunk 29: (pLinus~GTSP2166~1) 14926 reads pass linker code filter.
[92.0 minutes]	Chunk 29: (pLinus~GTSP2166~1) 14752 reads pass all demultiplexing filters.
[92.1 minutes]	Chunk 29: (pLinus~GTSP2166~1) 3 reads aligned to the vector and will be removed.
[92.1 minutes]	Chunk 29: (pLinus~GTSP2166~1) 14751 reads remain after removing vector aligned reads and synchronizing.
[92.1 minutes]	Chunk 29: (pLinus~GTSP2166~1) 861 reads removed by virus read start test filter (10 NTs).
[92.1 minutes]	Chunk 29: (pLinus~GTSP2166~1) 861 reads removed after all filters.
[92.5 minutes]	Chunk 29: (pLinus~GTSP2166~1) 2 reads remaining after LTR/ITR capture.
[92.5 minutes]	Chunk 29: (pLinus~GTSP2166~1) captured random linker ids.
[92.5 minutes]	Chunk 29: (7966) reads remaining after read length filters.
[92.5 minutes]	Chunk 29: (pLinus~GTSP2166~1) completed with 7966 reads.
[93.0 minutes]	Chunk 29: (pLinus~GTSP2167~1) 210034 reads pass barcode filter.
[93.0 minutes]	Chunk 29: (pLinus~GTSP2167~1) 12432 reads pass linker code filter.
[93.0 minutes]	Chunk 29: (pLinus~GTSP2167~1) 12285 reads pass all demultiplexing filters.
[93.2 minutes]	Chunk 29: (pLinus~GTSP2167~1) 0 reads aligned to the vector and will be removed.
[93.2 minutes]	Chunk 29: (pLinus~GTSP2167~1) 12285 reads remain after removing vector aligned reads and synchronizing.
[93.2 minutes]	Chunk 29: (pLinus~GTSP2167~1) 722 reads removed by virus read start test filter (10 NTs).
[93.2 minutes]	Chunk 29: (pLinus~GTSP2167~1) 722 reads removed after all filters.
[93.5 minutes]	Chunk 29: (pLinus~GTSP2167~1) 2 reads remaining after LTR/ITR capture.
[93.5 minutes]	Chunk 29: (pLinus~GTSP2167~1) captured random linker ids.
[93.5 minutes]	Chunk 29: (8574) reads remaining after read length filters.
[93.5 minutes]	Chunk 29: (pLinus~GTSP2167~1) completed with 8574 reads.
[94.0 minutes]	Chunk 29: (pLinus~GTSP2168~1) 210034 reads pass barcode filter.
[94.0 minutes]	Chunk 29: (pLinus~GTSP2168~1) 11034 reads pass linker code filter.
[94.0 minutes]	Chunk 29: (pLinus~GTSP2168~1) 10877 reads pass all demultiplexing filters.
[94.1 minutes]	Chunk 29: (pLinus~GTSP2168~1) 1 reads aligned to the vector and will be removed.
[94.1 minutes]	Chunk 29: (pLinus~GTSP2168~1) 10876 reads remain after removing vector aligned reads and synchronizing.
[94.1 minutes]	Chunk 29: (pLinus~GTSP2168~1) 520 reads removed by virus read start test filter (10 NTs).
[94.1 minutes]	Chunk 29: (pLinus~GTSP2168~1) 520 reads removed after all filters.
[94.5 minutes]	Chunk 29: (pLinus~GTSP2168~1) 2 reads remaining after LTR/ITR capture.
[94.5 minutes]	Chunk 29: (pLinus~GTSP2168~1) captured random linker ids.
[94.5 minutes]	Chunk 29: (5865) reads remaining after read length filters.
[94.5 minutes]	Chunk 29: (pLinus~GTSP2168~1) completed with 5865 reads.
[94.9 minutes]	Chunk 29: (NTC~NTC1~1) 210034 reads pass barcode filter.
[95.0 minutes]	Chunk 29: (NTC~NTC1~1) 0 reads pass linker code filter.
[95.0 minutes]	Chunk 29: (NTC~NTC1~1) No reads demultiplexed.
[95.3 minutes]	Chunk 29: (pH19~GTSP2169~1) 210034 reads pass barcode filter.
[95.4 minutes]	Chunk 29: (pH19~GTSP2169~1) 6257 reads pass linker code filter.
[95.4 minutes]	Chunk 29: (pH19~GTSP2169~1) 6175 reads pass all demultiplexing filters.
[95.4 minutes]	Chunk 29: (pH19~GTSP2169~1) 28 reads aligned to the vector and will be removed.
[95.4 minutes]	Chunk 29: (pH19~GTSP2169~1) 6162 reads remain after removing vector aligned reads and synchronizing.
[95.4 minutes]	Chunk 29: (pH19~GTSP2169~1) 390 reads removed by virus read start test filter (10 NTs).
[95.4 minutes]	Chunk 29: (pH19~GTSP2169~1) 390 reads removed after all filters.
[95.6 minutes]	Chunk 29: (pH19~GTSP2169~1) 2 reads remaining after LTR/ITR capture.
[95.6 minutes]	Chunk 29: (pH19~GTSP2169~1) captured random linker ids.
[95.6 minutes]	Chunk 29: (3303) reads remaining after read length filters.
[95.6 minutes]	Chunk 29: (pH19~GTSP2169~1) completed with 3303 reads.
[96.1 minutes]	Chunk 29: (pH19~GTSP2170~1) 210034 reads pass barcode filter.
[96.1 minutes]	Chunk 29: (pH19~GTSP2170~1) 6069 reads pass linker code filter.
[96.1 minutes]	Chunk 29: (pH19~GTSP2170~1) 6003 reads pass all demultiplexing filters.
[96.2 minutes]	Chunk 29: (pH19~GTSP2170~1) 20 reads aligned to the vector and will be removed.
[96.2 minutes]	Chunk 29: (pH19~GTSP2170~1) 5993 reads remain after removing vector aligned reads and synchronizing.
[96.2 minutes]	Chunk 29: (pH19~GTSP2170~1) 298 reads removed by virus read start test filter (10 NTs).
[96.2 minutes]	Chunk 29: (pH19~GTSP2170~1) 298 reads removed after all filters.
[96.4 minutes]	Chunk 29: (pH19~GTSP2170~1) 2 reads remaining after LTR/ITR capture.
[96.4 minutes]	Chunk 29: (pH19~GTSP2170~1) captured random linker ids.
[96.4 minutes]	Chunk 29: (3617) reads remaining after read length filters.
[96.4 minutes]	Chunk 29: (pH19~GTSP2170~1) completed with 3617 reads.
[96.9 minutes]	Chunk 29: (pH19~GTSP2171~1) 210034 reads pass barcode filter.
[96.9 minutes]	Chunk 29: (pH19~GTSP2171~1) 21 reads pass linker code filter.
[96.9 minutes]	Chunk 29: (pH19~GTSP2171~1) 21 reads pass all demultiplexing filters.
[96.9 minutes]	Chunk 29: (pH19~GTSP2171~1) 0 reads aligned to the vector and will be removed.
[96.9 minutes]	Chunk 29: (pH19~GTSP2171~1) 21 reads remain after removing vector aligned reads and synchronizing.
[96.9 minutes]	Chunk 29: (pH19~GTSP2171~1) 0 reads removed by virus read start test filter (10 NTs).
[96.9 minutes]	Chunk 29: (pH19~GTSP2171~1) 0 reads removed after all filters.
[96.9 minutes]	Chunk 29: (pH19~GTSP2171~1) 2 reads remaining after LTR/ITR capture.
[96.9 minutes]	Chunk 29: (pH19~GTSP2171~1) captured random linker ids.
[96.9 minutes]	Chunk 29: (13) reads remaining after read length filters.
[96.9 minutes]	Chunk 29: (pH19~GTSP2171~1) completed with 13 reads.
[97.4 minutes]	Chunk 29: (pJ60~GTSP2172~1) 210034 reads pass barcode filter.
[97.4 minutes]	Chunk 29: (pJ60~GTSP2172~1) 17242 reads pass linker code filter.
[97.4 minutes]	Chunk 29: (pJ60~GTSP2172~1) 16935 reads pass all demultiplexing filters.
[97.6 minutes]	Chunk 29: (pJ60~GTSP2172~1) 157 reads aligned to the vector and will be removed.
[97.6 minutes]	Chunk 29: (pJ60~GTSP2172~1) 16881 reads remain after removing vector aligned reads and synchronizing.
[97.6 minutes]	Chunk 29: (pJ60~GTSP2172~1) 900 reads removed by virus read start test filter (10 NTs).
[97.6 minutes]	Chunk 29: (pJ60~GTSP2172~1) 900 reads removed after all filters.
[98.3 minutes]	Chunk 29: (pJ60~GTSP2172~1) 2 reads remaining after LTR/ITR capture.
[98.3 minutes]	Chunk 29: (pJ60~GTSP2172~1) captured random linker ids.
[98.4 minutes]	Chunk 29: (9748) reads remaining after read length filters.
[98.4 minutes]	Chunk 29: (pJ60~GTSP2172~1) completed with 9748 reads.
[98.8 minutes]	Chunk 29: (pJ60~GTSP2173~1) 210034 reads pass barcode filter.
[98.9 minutes]	Chunk 29: (pJ60~GTSP2173~1) 16086 reads pass linker code filter.
[98.9 minutes]	Chunk 29: (pJ60~GTSP2173~1) 15889 reads pass all demultiplexing filters.
[99.0 minutes]	Chunk 29: (pJ60~GTSP2173~1) 179 reads aligned to the vector and will be removed.
[99.0 minutes]	Chunk 29: (pJ60~GTSP2173~1) 15829 reads remain after removing vector aligned reads and synchronizing.
[99.0 minutes]	Chunk 29: (pJ60~GTSP2173~1) 752 reads removed by virus read start test filter (10 NTs).
[99.0 minutes]	Chunk 29: (pJ60~GTSP2173~1) 752 reads removed after all filters.
[99.6 minutes]	Chunk 29: (pJ60~GTSP2173~1) 2 reads remaining after LTR/ITR capture.
[99.7 minutes]	Chunk 29: (pJ60~GTSP2173~1) captured random linker ids.
[99.7 minutes]	Chunk 29: (9504) reads remaining after read length filters.
[99.7 minutes]	Chunk 29: (pJ60~GTSP2173~1) completed with 9504 reads.
[100.1 minutes]	Chunk 29: (pJ60~GTSP2174~1) 210034 reads pass barcode filter.
[100.2 minutes]	Chunk 29: (pJ60~GTSP2174~1) 13373 reads pass linker code filter.
[100.2 minutes]	Chunk 29: (pJ60~GTSP2174~1) 13170 reads pass all demultiplexing filters.
[100.3 minutes]	Chunk 29: (pJ60~GTSP2174~1) 69 reads aligned to the vector and will be removed.
[100.3 minutes]	Chunk 29: (pJ60~GTSP2174~1) 13145 reads remain after removing vector aligned reads and synchronizing.
[100.3 minutes]	Chunk 29: (pJ60~GTSP2174~1) 583 reads removed by virus read start test filter (10 NTs).
[100.3 minutes]	Chunk 29: (pJ60~GTSP2174~1) 583 reads removed after all filters.
[100.7 minutes]	Chunk 29: (pJ60~GTSP2174~1) 2 reads remaining after LTR/ITR capture.
[100.7 minutes]	Chunk 29: (pJ60~GTSP2174~1) captured random linker ids.
[100.7 minutes]	Chunk 29: (6559) reads remaining after read length filters.
[100.7 minutes]	Chunk 29: (pJ60~GTSP2174~1) completed with 6559 reads.
[101.2 minutes]	Chunk 29: (pM06~GTSP2175~1) 210034 reads pass barcode filter.
[101.2 minutes]	Chunk 29: (pM06~GTSP2175~1) 13722 reads pass linker code filter.
[101.2 minutes]	Chunk 29: (pM06~GTSP2175~1) 13462 reads pass all demultiplexing filters.
[101.3 minutes]	Chunk 29: (pM06~GTSP2175~1) 227 reads aligned to the vector and will be removed.
[101.3 minutes]	Chunk 29: (pM06~GTSP2175~1) 13371 reads remain after removing vector aligned reads and synchronizing.
[101.3 minutes]	Chunk 29: (pM06~GTSP2175~1) 763 reads removed by virus read start test filter (10 NTs).
[101.3 minutes]	Chunk 29: (pM06~GTSP2175~1) 763 reads removed after all filters.
[101.9 minutes]	Chunk 29: (pM06~GTSP2175~1) 2 reads remaining after LTR/ITR capture.
[101.9 minutes]	Chunk 29: (pM06~GTSP2175~1) captured random linker ids.
[101.9 minutes]	Chunk 29: (5620) reads remaining after read length filters.
[101.9 minutes]	Chunk 29: (pM06~GTSP2175~1) completed with 5620 reads.
[102.3 minutes]	Chunk 29: (pM06~GTSP2176~1) 210034 reads pass barcode filter.
[102.4 minutes]	Chunk 29: (pM06~GTSP2176~1) 16751 reads pass linker code filter.
[102.4 minutes]	Chunk 29: (pM06~GTSP2176~1) 16465 reads pass all demultiplexing filters.
[102.5 minutes]	Chunk 29: (pM06~GTSP2176~1) 282 reads aligned to the vector and will be removed.
[102.5 minutes]	Chunk 29: (pM06~GTSP2176~1) 16353 reads remain after removing vector aligned reads and synchronizing.
[102.5 minutes]	Chunk 29: (pM06~GTSP2176~1) 790 reads removed by virus read start test filter (10 NTs).
[102.5 minutes]	Chunk 29: (pM06~GTSP2176~1) 790 reads removed after all filters.
[103.1 minutes]	Chunk 29: (pM06~GTSP2176~1) 2 reads remaining after LTR/ITR capture.
[103.1 minutes]	Chunk 29: (pM06~GTSP2176~1) captured random linker ids.
[103.1 minutes]	Chunk 29: (7103) reads remaining after read length filters.
[103.1 minutes]	Chunk 29: (pM06~GTSP2176~1) completed with 7103 reads.
[103.5 minutes]	Chunk 29: (pM06~GTSP2177~1) 210034 reads pass barcode filter.
[103.5 minutes]	Chunk 29: (pM06~GTSP2177~1) 12840 reads pass linker code filter.
[103.5 minutes]	Chunk 29: (pM06~GTSP2177~1) 12627 reads pass all demultiplexing filters.
[103.7 minutes]	Chunk 29: (pM06~GTSP2177~1) 235 reads aligned to the vector and will be removed.
[103.7 minutes]	Chunk 29: (pM06~GTSP2177~1) 12530 reads remain after removing vector aligned reads and synchronizing.
[103.7 minutes]	Chunk 29: (pM06~GTSP2177~1) 503 reads removed by virus read start test filter (10 NTs).
[103.7 minutes]	Chunk 29: (pM06~GTSP2177~1) 503 reads removed after all filters.
[104.2 minutes]	Chunk 29: (pM06~GTSP2177~1) 2 reads remaining after LTR/ITR capture.
[104.2 minutes]	Chunk 29: (pM06~GTSP2177~1) captured random linker ids.
[104.3 minutes]	Chunk 29: (5594) reads remaining after read length filters.
[104.3 minutes]	Chunk 29: (pM06~GTSP2177~1) completed with 5594 reads.
[104.7 minutes]	Chunk 29: (pHO2~GTSP2178~1) 210034 reads pass barcode filter.
[104.7 minutes]	Chunk 29: (pHO2~GTSP2178~1) 9278 reads pass linker code filter.
[104.7 minutes]	Chunk 29: (pHO2~GTSP2178~1) 9156 reads pass all demultiplexing filters.
[104.8 minutes]	Chunk 29: (pHO2~GTSP2178~1) 6 reads aligned to the vector and will be removed.
[104.8 minutes]	Chunk 29: (pHO2~GTSP2178~1) 9154 reads remain after removing vector aligned reads and synchronizing.
[104.8 minutes]	Chunk 29: (pHO2~GTSP2178~1) 219 reads removed by virus read start test filter (10 NTs).
[104.8 minutes]	Chunk 29: (pHO2~GTSP2178~1) 219 reads removed after all filters.
[105.0 minutes]	Chunk 29: (pHO2~GTSP2178~1) 2 reads remaining after LTR/ITR capture.
[105.0 minutes]	Chunk 29: (pHO2~GTSP2178~1) captured random linker ids.
[105.1 minutes]	Chunk 29: (2820) reads remaining after read length filters.
[105.1 minutes]	Chunk 29: (pHO2~GTSP2178~1) completed with 2820 reads.
[105.4 minutes]	Chunk 29: (pM12~GTSP2179~1) 210034 reads pass barcode filter.
[105.5 minutes]	Chunk 29: (pM12~GTSP2179~1) 6838 reads pass linker code filter.
[105.5 minutes]	Chunk 29: (pM12~GTSP2179~1) 6734 reads pass all demultiplexing filters.
[105.5 minutes]	Chunk 29: (pM12~GTSP2179~1) 3 reads aligned to the vector and will be removed.
[105.5 minutes]	Chunk 29: (pM12~GTSP2179~1) 6733 reads remain after removing vector aligned reads and synchronizing.
[105.5 minutes]	Chunk 29: (pM12~GTSP2179~1) 172 reads removed by virus read start test filter (10 NTs).
[105.5 minutes]	Chunk 29: (pM12~GTSP2179~1) 172 reads removed after all filters.
[105.7 minutes]	Chunk 29: (pM12~GTSP2179~1) 2 reads remaining after LTR/ITR capture.
[105.7 minutes]	Chunk 29: (pM12~GTSP2179~1) captured random linker ids.
[105.7 minutes]	Chunk 29: (2327) reads remaining after read length filters.
[105.7 minutes]	Chunk 29: (pM12~GTSP2179~1) completed with 2327 reads.
[106.0 minutes]	Chunk 29: (NTC~NTC2~1) 210034 reads pass barcode filter.
[106.0 minutes]	Chunk 29: (NTC~NTC2~1) 0 reads pass linker code filter.
[106.0 minutes]	Chunk 29: (NTC~NTC2~1) No reads demultiplexed.
