[86.8 minutes]	Chunk 7: (pM50~GTSP2160~1) 202402 reads pass barcode filter.
[86.8 minutes]	Chunk 7: (pM50~GTSP2160~1) 11987 reads pass linker code filter.
[86.8 minutes]	Chunk 7: (pM50~GTSP2160~1) 11827 reads pass all demultiplexing filters.
[86.9 minutes]	Chunk 7: (pM50~GTSP2160~1) 54 reads aligned to the vector and will be removed.
[86.9 minutes]	Chunk 7: (pM50~GTSP2160~1) 11803 reads remain after removing vector aligned reads and synchronizing.
[86.9 minutes]	Chunk 7: (pM50~GTSP2160~1) 711 reads removed by virus read start test filter (10 NTs).
[86.9 minutes]	Chunk 7: (pM50~GTSP2160~1) 711 reads removed after all filters.
[87.2 minutes]	Chunk 7: (pM50~GTSP2160~1) 2 reads remaining after LTR/ITR capture.
[87.2 minutes]	Chunk 7: (pM50~GTSP2160~1) captured random linker ids.
[87.2 minutes]	Chunk 7: (6066) reads remaining after read length filters.
[87.2 minutes]	Chunk 7: (pM50~GTSP2160~1) completed with 6066 reads.
[87.8 minutes]	Chunk 7: (pM50~GTSP2161~1) 202402 reads pass barcode filter.
[87.8 minutes]	Chunk 7: (pM50~GTSP2161~1) 8931 reads pass linker code filter.
[87.8 minutes]	Chunk 7: (pM50~GTSP2161~1) 8825 reads pass all demultiplexing filters.
[87.9 minutes]	Chunk 7: (pM50~GTSP2161~1) 58 reads aligned to the vector and will be removed.
[87.9 minutes]	Chunk 7: (pM50~GTSP2161~1) 8799 reads remain after removing vector aligned reads and synchronizing.
[87.9 minutes]	Chunk 7: (pM50~GTSP2161~1) 507 reads removed by virus read start test filter (10 NTs).
[87.9 minutes]	Chunk 7: (pM50~GTSP2161~1) 507 reads removed after all filters.
[88.2 minutes]	Chunk 7: (pM50~GTSP2161~1) 2 reads remaining after LTR/ITR capture.
[88.2 minutes]	Chunk 7: (pM50~GTSP2161~1) captured random linker ids.
[88.2 minutes]	Chunk 7: (4264) reads remaining after read length filters.
[88.2 minutes]	Chunk 7: (pM50~GTSP2161~1) completed with 4264 reads.
[88.6 minutes]	Chunk 7: (pM50~GTSP2162~1) 202402 reads pass barcode filter.
[88.7 minutes]	Chunk 7: (pM50~GTSP2162~1) 9172 reads pass linker code filter.
[88.7 minutes]	Chunk 7: (pM50~GTSP2162~1) 9051 reads pass all demultiplexing filters.
[88.8 minutes]	Chunk 7: (pM50~GTSP2162~1) 173 reads aligned to the vector and will be removed.
[88.8 minutes]	Chunk 7: (pM50~GTSP2162~1) 8984 reads remain after removing vector aligned reads and synchronizing.
[88.8 minutes]	Chunk 7: (pM50~GTSP2162~1) 596 reads removed by virus read start test filter (10 NTs).
[88.8 minutes]	Chunk 7: (pM50~GTSP2162~1) 596 reads removed after all filters.
[89.1 minutes]	Chunk 7: (pM50~GTSP2162~1) 2 reads remaining after LTR/ITR capture.
[89.1 minutes]	Chunk 7: (pM50~GTSP2162~1) captured random linker ids.
[89.1 minutes]	Chunk 7: (5339) reads remaining after read length filters.
[89.1 minutes]	Chunk 7: (pM50~GTSP2162~1) completed with 5339 reads.
[89.6 minutes]	Chunk 7: (pM66~GTSP2163~1) 202402 reads pass barcode filter.
[89.6 minutes]	Chunk 7: (pM66~GTSP2163~1) 6244 reads pass linker code filter.
[89.6 minutes]	Chunk 7: (pM66~GTSP2163~1) 6167 reads pass all demultiplexing filters.
[89.7 minutes]	Chunk 7: (pM66~GTSP2163~1) 58 reads aligned to the vector and will be removed.
[89.7 minutes]	Chunk 7: (pM66~GTSP2163~1) 6137 reads remain after removing vector aligned reads and synchronizing.
[89.7 minutes]	Chunk 7: (pM66~GTSP2163~1) 331 reads removed by virus read start test filter (10 NTs).
[89.7 minutes]	Chunk 7: (pM66~GTSP2163~1) 331 reads removed after all filters.
[89.9 minutes]	Chunk 7: (pM66~GTSP2163~1) 2 reads remaining after LTR/ITR capture.
[89.9 minutes]	Chunk 7: (pM66~GTSP2163~1) captured random linker ids.
[89.9 minutes]	Chunk 7: (3001) reads remaining after read length filters.
[89.9 minutes]	Chunk 7: (pM66~GTSP2163~1) completed with 3001 reads.
[90.3 minutes]	Chunk 7: (pM66~GTSP2164~1) 202402 reads pass barcode filter.
[90.4 minutes]	Chunk 7: (pM66~GTSP2164~1) 11668 reads pass linker code filter.
[90.4 minutes]	Chunk 7: (pM66~GTSP2164~1) 11498 reads pass all demultiplexing filters.
[90.5 minutes]	Chunk 7: (pM66~GTSP2164~1) 51 reads aligned to the vector and will be removed.
[90.5 minutes]	Chunk 7: (pM66~GTSP2164~1) 11479 reads remain after removing vector aligned reads and synchronizing.
[90.5 minutes]	Chunk 7: (pM66~GTSP2164~1) 286 reads removed by virus read start test filter (10 NTs).
[90.5 minutes]	Chunk 7: (pM66~GTSP2164~1) 286 reads removed after all filters.
[90.8 minutes]	Chunk 7: (pM66~GTSP2164~1) 2 reads remaining after LTR/ITR capture.
[90.9 minutes]	Chunk 7: (pM66~GTSP2164~1) captured random linker ids.
[90.9 minutes]	Chunk 7: (4011) reads remaining after read length filters.
[90.9 minutes]	Chunk 7: (pM66~GTSP2164~1) completed with 4011 reads.
[91.3 minutes]	Chunk 7: (pM66~GTSP2165~1) 202402 reads pass barcode filter.
[91.3 minutes]	Chunk 7: (pM66~GTSP2165~1) 3254 reads pass linker code filter.
[91.3 minutes]	Chunk 7: (pM66~GTSP2165~1) 3212 reads pass all demultiplexing filters.
[91.4 minutes]	Chunk 7: (pM66~GTSP2165~1) 29 reads aligned to the vector and will be removed.
[91.4 minutes]	Chunk 7: (pM66~GTSP2165~1) 3199 reads remain after removing vector aligned reads and synchronizing.
[91.4 minutes]	Chunk 7: (pM66~GTSP2165~1) 201 reads removed by virus read start test filter (10 NTs).
[91.4 minutes]	Chunk 7: (pM66~GTSP2165~1) 201 reads removed after all filters.
[91.5 minutes]	Chunk 7: (pM66~GTSP2165~1) 2 reads remaining after LTR/ITR capture.
[91.5 minutes]	Chunk 7: (pM66~GTSP2165~1) captured random linker ids.
[91.5 minutes]	Chunk 7: (1916) reads remaining after read length filters.
[91.5 minutes]	Chunk 7: (pM66~GTSP2165~1) completed with 1916 reads.
[92.0 minutes]	Chunk 7: (pLinus~GTSP2166~1) 202402 reads pass barcode filter.
[92.0 minutes]	Chunk 7: (pLinus~GTSP2166~1) 13996 reads pass linker code filter.
[92.0 minutes]	Chunk 7: (pLinus~GTSP2166~1) 13863 reads pass all demultiplexing filters.
[92.2 minutes]	Chunk 7: (pLinus~GTSP2166~1) 11 reads aligned to the vector and will be removed.
[92.2 minutes]	Chunk 7: (pLinus~GTSP2166~1) 13856 reads remain after removing vector aligned reads and synchronizing.
[92.2 minutes]	Chunk 7: (pLinus~GTSP2166~1) 564 reads removed by virus read start test filter (10 NTs).
[92.2 minutes]	Chunk 7: (pLinus~GTSP2166~1) 564 reads removed after all filters.
[92.5 minutes]	Chunk 7: (pLinus~GTSP2166~1) 2 reads remaining after LTR/ITR capture.
[92.5 minutes]	Chunk 7: (pLinus~GTSP2166~1) captured random linker ids.
[92.5 minutes]	Chunk 7: (7261) reads remaining after read length filters.
[92.5 minutes]	Chunk 7: (pLinus~GTSP2166~1) completed with 7261 reads.
[93.0 minutes]	Chunk 7: (pLinus~GTSP2167~1) 202402 reads pass barcode filter.
[93.0 minutes]	Chunk 7: (pLinus~GTSP2167~1) 11679 reads pass linker code filter.
[93.0 minutes]	Chunk 7: (pLinus~GTSP2167~1) 11525 reads pass all demultiplexing filters.
[93.1 minutes]	Chunk 7: (pLinus~GTSP2167~1) 0 reads aligned to the vector and will be removed.
[93.1 minutes]	Chunk 7: (pLinus~GTSP2167~1) 11525 reads remain after removing vector aligned reads and synchronizing.
[93.1 minutes]	Chunk 7: (pLinus~GTSP2167~1) 681 reads removed by virus read start test filter (10 NTs).
[93.1 minutes]	Chunk 7: (pLinus~GTSP2167~1) 681 reads removed after all filters.
[93.5 minutes]	Chunk 7: (pLinus~GTSP2167~1) 2 reads remaining after LTR/ITR capture.
[93.5 minutes]	Chunk 7: (pLinus~GTSP2167~1) captured random linker ids.
[93.5 minutes]	Chunk 7: (7806) reads remaining after read length filters.
[93.5 minutes]	Chunk 7: (pLinus~GTSP2167~1) completed with 7806 reads.
[93.9 minutes]	Chunk 7: (pLinus~GTSP2168~1) 202402 reads pass barcode filter.
[94.0 minutes]	Chunk 7: (pLinus~GTSP2168~1) 10599 reads pass linker code filter.
[94.0 minutes]	Chunk 7: (pLinus~GTSP2168~1) 10448 reads pass all demultiplexing filters.
[94.0 minutes]	Chunk 7: (pLinus~GTSP2168~1) 0 reads aligned to the vector and will be removed.
[94.1 minutes]	Chunk 7: (pLinus~GTSP2168~1) 10448 reads remain after removing vector aligned reads and synchronizing.
[94.1 minutes]	Chunk 7: (pLinus~GTSP2168~1) 556 reads removed by virus read start test filter (10 NTs).
[94.1 minutes]	Chunk 7: (pLinus~GTSP2168~1) 556 reads removed after all filters.
[94.4 minutes]	Chunk 7: (pLinus~GTSP2168~1) 2 reads remaining after LTR/ITR capture.
[94.4 minutes]	Chunk 7: (pLinus~GTSP2168~1) captured random linker ids.
[94.4 minutes]	Chunk 7: (5410) reads remaining after read length filters.
[94.4 minutes]	Chunk 7: (pLinus~GTSP2168~1) completed with 5410 reads.
[94.8 minutes]	Chunk 7: (NTC~NTC1~1) 202402 reads pass barcode filter.
[94.8 minutes]	Chunk 7: (NTC~NTC1~1) 0 reads pass linker code filter.
[94.8 minutes]	Chunk 7: (NTC~NTC1~1) No reads demultiplexed.
[95.3 minutes]	Chunk 7: (pH19~GTSP2169~1) 202402 reads pass barcode filter.
[95.3 minutes]	Chunk 7: (pH19~GTSP2169~1) 5850 reads pass linker code filter.
[95.3 minutes]	Chunk 7: (pH19~GTSP2169~1) 5777 reads pass all demultiplexing filters.
[95.3 minutes]	Chunk 7: (pH19~GTSP2169~1) 27 reads aligned to the vector and will be removed.
[95.3 minutes]	Chunk 7: (pH19~GTSP2169~1) 5764 reads remain after removing vector aligned reads and synchronizing.
[95.3 minutes]	Chunk 7: (pH19~GTSP2169~1) 358 reads removed by virus read start test filter (10 NTs).
[95.3 minutes]	Chunk 7: (pH19~GTSP2169~1) 358 reads removed after all filters.
[95.5 minutes]	Chunk 7: (pH19~GTSP2169~1) 2 reads remaining after LTR/ITR capture.
[95.5 minutes]	Chunk 7: (pH19~GTSP2169~1) captured random linker ids.
[95.5 minutes]	Chunk 7: (2904) reads remaining after read length filters.
[95.5 minutes]	Chunk 7: (pH19~GTSP2169~1) completed with 2904 reads.
[96.0 minutes]	Chunk 7: (pH19~GTSP2170~1) 202402 reads pass barcode filter.
[96.0 minutes]	Chunk 7: (pH19~GTSP2170~1) 6238 reads pass linker code filter.
[96.0 minutes]	Chunk 7: (pH19~GTSP2170~1) 6160 reads pass all demultiplexing filters.
[96.1 minutes]	Chunk 7: (pH19~GTSP2170~1) 39 reads aligned to the vector and will be removed.
[96.1 minutes]	Chunk 7: (pH19~GTSP2170~1) 6142 reads remain after removing vector aligned reads and synchronizing.
[96.1 minutes]	Chunk 7: (pH19~GTSP2170~1) 287 reads removed by virus read start test filter (10 NTs).
[96.1 minutes]	Chunk 7: (pH19~GTSP2170~1) 287 reads removed after all filters.
[96.2 minutes]	Chunk 7: (pH19~GTSP2170~1) 2 reads remaining after LTR/ITR capture.
[96.2 minutes]	Chunk 7: (pH19~GTSP2170~1) captured random linker ids.
[96.2 minutes]	Chunk 7: (3648) reads remaining after read length filters.
[96.2 minutes]	Chunk 7: (pH19~GTSP2170~1) completed with 3648 reads.
[96.7 minutes]	Chunk 7: (pH19~GTSP2171~1) 202402 reads pass barcode filter.
[96.7 minutes]	Chunk 7: (pH19~GTSP2171~1) 20 reads pass linker code filter.
[96.7 minutes]	Chunk 7: (pH19~GTSP2171~1) 19 reads pass all demultiplexing filters.
[96.7 minutes]	Chunk 7: (pH19~GTSP2171~1) 0 reads aligned to the vector and will be removed.
[96.7 minutes]	Chunk 7: (pH19~GTSP2171~1) 19 reads remain after removing vector aligned reads and synchronizing.
[96.7 minutes]	Chunk 7: (pH19~GTSP2171~1) 2 reads removed by virus read start test filter (10 NTs).
[96.7 minutes]	Chunk 7: (pH19~GTSP2171~1) 2 reads removed after all filters.
[96.7 minutes]	Chunk 7: (pH19~GTSP2171~1) 2 reads remaining after LTR/ITR capture.
[96.7 minutes]	Chunk 7: (pH19~GTSP2171~1) captured random linker ids.
[96.7 minutes]	Chunk 7: (7) reads remaining after read length filters.
[96.7 minutes]	Chunk 7: (pH19~GTSP2171~1) completed with 7 reads.
[97.2 minutes]	Chunk 7: (pJ60~GTSP2172~1) 202402 reads pass barcode filter.
[97.2 minutes]	Chunk 7: (pJ60~GTSP2172~1) 15348 reads pass linker code filter.
[97.2 minutes]	Chunk 7: (pJ60~GTSP2172~1) 15119 reads pass all demultiplexing filters.
[97.3 minutes]	Chunk 7: (pJ60~GTSP2172~1) 93 reads aligned to the vector and will be removed.
[97.3 minutes]	Chunk 7: (pJ60~GTSP2172~1) 15087 reads remain after removing vector aligned reads and synchronizing.
[97.3 minutes]	Chunk 7: (pJ60~GTSP2172~1) 741 reads removed by virus read start test filter (10 NTs).
[97.3 minutes]	Chunk 7: (pJ60~GTSP2172~1) 741 reads removed after all filters.
[98.0 minutes]	Chunk 7: (pJ60~GTSP2172~1) 2 reads remaining after LTR/ITR capture.
[98.0 minutes]	Chunk 7: (pJ60~GTSP2172~1) captured random linker ids.
[98.0 minutes]	Chunk 7: (8359) reads remaining after read length filters.
[98.0 minutes]	Chunk 7: (pJ60~GTSP2172~1) completed with 8359 reads.
[98.4 minutes]	Chunk 7: (pJ60~GTSP2173~1) 202402 reads pass barcode filter.
[98.5 minutes]	Chunk 7: (pJ60~GTSP2173~1) 14852 reads pass linker code filter.
[98.5 minutes]	Chunk 7: (pJ60~GTSP2173~1) 14657 reads pass all demultiplexing filters.
[98.6 minutes]	Chunk 7: (pJ60~GTSP2173~1) 112 reads aligned to the vector and will be removed.
[98.6 minutes]	Chunk 7: (pJ60~GTSP2173~1) 14619 reads remain after removing vector aligned reads and synchronizing.
[98.6 minutes]	Chunk 7: (pJ60~GTSP2173~1) 755 reads removed by virus read start test filter (10 NTs).
[98.6 minutes]	Chunk 7: (pJ60~GTSP2173~1) 755 reads removed after all filters.
[99.1 minutes]	Chunk 7: (pJ60~GTSP2173~1) 2 reads remaining after LTR/ITR capture.
[99.1 minutes]	Chunk 7: (pJ60~GTSP2173~1) captured random linker ids.
[99.1 minutes]	Chunk 7: (8423) reads remaining after read length filters.
[99.1 minutes]	Chunk 7: (pJ60~GTSP2173~1) completed with 8423 reads.
[99.6 minutes]	Chunk 7: (pJ60~GTSP2174~1) 202402 reads pass barcode filter.
[99.6 minutes]	Chunk 7: (pJ60~GTSP2174~1) 13023 reads pass linker code filter.
[99.6 minutes]	Chunk 7: (pJ60~GTSP2174~1) 12809 reads pass all demultiplexing filters.
[99.7 minutes]	Chunk 7: (pJ60~GTSP2174~1) 45 reads aligned to the vector and will be removed.
[99.7 minutes]	Chunk 7: (pJ60~GTSP2174~1) 12792 reads remain after removing vector aligned reads and synchronizing.
[99.7 minutes]	Chunk 7: (pJ60~GTSP2174~1) 543 reads removed by virus read start test filter (10 NTs).
[99.7 minutes]	Chunk 7: (pJ60~GTSP2174~1) 543 reads removed after all filters.
[100.1 minutes]	Chunk 7: (pJ60~GTSP2174~1) 2 reads remaining after LTR/ITR capture.
[100.1 minutes]	Chunk 7: (pJ60~GTSP2174~1) captured random linker ids.
[100.1 minutes]	Chunk 7: (6146) reads remaining after read length filters.
[100.1 minutes]	Chunk 7: (pJ60~GTSP2174~1) completed with 6146 reads.
[100.5 minutes]	Chunk 7: (pM06~GTSP2175~1) 202402 reads pass barcode filter.
[100.5 minutes]	Chunk 7: (pM06~GTSP2175~1) 11854 reads pass linker code filter.
[100.6 minutes]	Chunk 7: (pM06~GTSP2175~1) 11608 reads pass all demultiplexing filters.
[100.7 minutes]	Chunk 7: (pM06~GTSP2175~1) 153 reads aligned to the vector and will be removed.
[100.7 minutes]	Chunk 7: (pM06~GTSP2175~1) 11543 reads remain after removing vector aligned reads and synchronizing.
[100.7 minutes]	Chunk 7: (pM06~GTSP2175~1) 642 reads removed by virus read start test filter (10 NTs).
[100.7 minutes]	Chunk 7: (pM06~GTSP2175~1) 642 reads removed after all filters.
[101.1 minutes]	Chunk 7: (pM06~GTSP2175~1) 2 reads remaining after LTR/ITR capture.
[101.1 minutes]	Chunk 7: (pM06~GTSP2175~1) captured random linker ids.
[101.1 minutes]	Chunk 7: (4424) reads remaining after read length filters.
[101.1 minutes]	Chunk 7: (pM06~GTSP2175~1) completed with 4424 reads.
[101.5 minutes]	Chunk 7: (pM06~GTSP2176~1) 202402 reads pass barcode filter.
[101.6 minutes]	Chunk 7: (pM06~GTSP2176~1) 16049 reads pass linker code filter.
[101.6 minutes]	Chunk 7: (pM06~GTSP2176~1) 15743 reads pass all demultiplexing filters.
[101.7 minutes]	Chunk 7: (pM06~GTSP2176~1) 219 reads aligned to the vector and will be removed.
[101.7 minutes]	Chunk 7: (pM06~GTSP2176~1) 15654 reads remain after removing vector aligned reads and synchronizing.
[101.7 minutes]	Chunk 7: (pM06~GTSP2176~1) 687 reads removed by virus read start test filter (10 NTs).
[101.7 minutes]	Chunk 7: (pM06~GTSP2176~1) 687 reads removed after all filters.
[102.2 minutes]	Chunk 7: (pM06~GTSP2176~1) 2 reads remaining after LTR/ITR capture.
[102.2 minutes]	Chunk 7: (pM06~GTSP2176~1) captured random linker ids.
[102.2 minutes]	Chunk 7: (6057) reads remaining after read length filters.
[102.2 minutes]	Chunk 7: (pM06~GTSP2176~1) completed with 6057 reads.
[102.6 minutes]	Chunk 7: (pM06~GTSP2177~1) 202402 reads pass barcode filter.
[102.7 minutes]	Chunk 7: (pM06~GTSP2177~1) 11988 reads pass linker code filter.
[102.7 minutes]	Chunk 7: (pM06~GTSP2177~1) 11786 reads pass all demultiplexing filters.
[102.8 minutes]	Chunk 7: (pM06~GTSP2177~1) 221 reads aligned to the vector and will be removed.
[102.8 minutes]	Chunk 7: (pM06~GTSP2177~1) 11695 reads remain after removing vector aligned reads and synchronizing.
[102.8 minutes]	Chunk 7: (pM06~GTSP2177~1) 502 reads removed by virus read start test filter (10 NTs).
[102.8 minutes]	Chunk 7: (pM06~GTSP2177~1) 502 reads removed after all filters.
[103.2 minutes]	Chunk 7: (pM06~GTSP2177~1) 2 reads remaining after LTR/ITR capture.
[103.2 minutes]	Chunk 7: (pM06~GTSP2177~1) captured random linker ids.
[103.2 minutes]	Chunk 7: (4753) reads remaining after read length filters.
[103.2 minutes]	Chunk 7: (pM06~GTSP2177~1) completed with 4753 reads.
[103.6 minutes]	Chunk 7: (pHO2~GTSP2178~1) 202402 reads pass barcode filter.
[103.7 minutes]	Chunk 7: (pHO2~GTSP2178~1) 10078 reads pass linker code filter.
[103.7 minutes]	Chunk 7: (pHO2~GTSP2178~1) 9909 reads pass all demultiplexing filters.
[103.8 minutes]	Chunk 7: (pHO2~GTSP2178~1) 3 reads aligned to the vector and will be removed.
[103.8 minutes]	Chunk 7: (pHO2~GTSP2178~1) 9908 reads remain after removing vector aligned reads and synchronizing.
[103.8 minutes]	Chunk 7: (pHO2~GTSP2178~1) 196 reads removed by virus read start test filter (10 NTs).
[103.8 minutes]	Chunk 7: (pHO2~GTSP2178~1) 196 reads removed after all filters.
[104.0 minutes]	Chunk 7: (pHO2~GTSP2178~1) 2 reads remaining after LTR/ITR capture.
[104.0 minutes]	Chunk 7: (pHO2~GTSP2178~1) captured random linker ids.
[104.0 minutes]	Chunk 7: (2560) reads remaining after read length filters.
[104.0 minutes]	Chunk 7: (pHO2~GTSP2178~1) completed with 2560 reads.
[104.4 minutes]	Chunk 7: (pM12~GTSP2179~1) 202402 reads pass barcode filter.
[104.5 minutes]	Chunk 7: (pM12~GTSP2179~1) 7437 reads pass linker code filter.
[104.5 minutes]	Chunk 7: (pM12~GTSP2179~1) 7314 reads pass all demultiplexing filters.
[104.5 minutes]	Chunk 7: (pM12~GTSP2179~1) 12 reads aligned to the vector and will be removed.
[104.5 minutes]	Chunk 7: (pM12~GTSP2179~1) 7310 reads remain after removing vector aligned reads and synchronizing.
[104.5 minutes]	Chunk 7: (pM12~GTSP2179~1) 202 reads removed by virus read start test filter (10 NTs).
[104.5 minutes]	Chunk 7: (pM12~GTSP2179~1) 202 reads removed after all filters.
[104.7 minutes]	Chunk 7: (pM12~GTSP2179~1) 2 reads remaining after LTR/ITR capture.
[104.7 minutes]	Chunk 7: (pM12~GTSP2179~1) captured random linker ids.
[104.7 minutes]	Chunk 7: (1939) reads remaining after read length filters.
[104.7 minutes]	Chunk 7: (pM12~GTSP2179~1) completed with 1939 reads.
[105.2 minutes]	Chunk 7: (NTC~NTC2~1) 202402 reads pass barcode filter.
[105.2 minutes]	Chunk 7: (NTC~NTC2~1) 0 reads pass linker code filter.
[105.2 minutes]	Chunk 7: (NTC~NTC2~1) No reads demultiplexed.
